20241115-153140.309| -* logFile=jz75@pc7-033-l.cs.st-andrews.ac.uk-log.log
20241115-153140.310| -* id=jz75@pc7-033-l.cs.st-andrews.ac.uk
20241115-153140.312| -* rootDir=root_dir
20241115-153140.313| -* mAddr6=ff02::4105:4105
20241115-153140.319| -* mPort=4105
20241115-153140.319| -* mTTL=2
20241115-153140.321| -* loopback=true
20241115-153140.323| -* reuseAddr=false
20241115-153140.325| -* soTimeout=1
20241115-153140.327| -* sleepTime=5000
20241115-153140.329| -* maximumMessageSize=500
20241115-153140.331| -* maximumAdvertisementPeriod=1000
20241115-153140.333| -* search=false
20241115-153140.336| -* download=false
20241115-153225.562| -* logFile=jz75@pc7-033-l.cs.st-andrews.ac.uk-log.log
20241115-153225.563| -* id=jz75@pc7-033-l.cs.st-andrews.ac.uk
20241115-153225.565| -* rootDir=root_dir
20241115-153225.567| -* mAddr6=ff02::4105:4105
20241115-153225.573| -* mPort=4105
20241115-153225.573| -* mTTL=2
20241115-153225.575| -* loopback=true
20241115-153225.577| -* reuseAddr=false
20241115-153225.579| -* soTimeout=1
20241115-153225.582| -* sleepTime=5000
20241115-153225.585| -* maximumMessageSize=500
20241115-153225.586| -* maximumAdvertisementPeriod=1000
20241115-153225.589| -* search=false
20241115-153225.592| -* download=false
