20241120-231143.417| -* logFile=logs/jz75@pc7-007-l.cs.st-andrews.ac.uk.log
20241120-231143.417| -* id=jz75@pc7-007-l.cs.st-andrews.ac.uk
20241120-231143.417| -* rootDir=root_dir
20241120-231143.417| -* mAddr6=ff02::4105:4105
20241120-231143.419| -* mPort=4105
20241120-231143.419| -* mTTL=2
20241120-231143.419| -* loopback=true
20241120-231143.419| -* reuseAddr=false
20241120-231143.420| -* soTimeout=10
20241120-231143.420| -* sleepTime=1000
20241120-231143.420| -* maximumMessageSize=1400
20241120-231143.420| -* maximumAdvertisementPeriod=1000
20241120-231143.420| -* search=true
20241120-231143.420| -* download=true
20241120-231143.445| using interface enp3s0
20241120-231143.447| Multicast Endpoint Created : ff02::4105:4105:4105
20241120-231143.447| joined IPv6 multicast group /[ff02:0:0:0:0:0:4105:4105]:4105
20241120-231143.447| jz75@pc7-007-l.cs.st-andrews.ac.uk Joined Multicast Group
20241120-231143.464| tx-> :jz75@pc7-007-l.cs.st-andrews.ac.uk:1732144303453:20241120-231143.453:advertisement:4105:search=true,download=true:
20241120-231143.645| rx-> :jz75@pc7-033-l.cs.st-andrews.ac.uk:1732144303643:20241120-231143.643:advertisement:4105:search=true,download=true:
20241120-231143.842| rx-> :jz75@pc7-005-l.cs.st-andrews.ac.uk:1732144303841:20241120-231143.841:advertisement:4105:search=true,download=true:
20241120-231144.454| tx-> :jz75@pc7-007-l.cs.st-andrews.ac.uk:1732144304454:20241120-231144.454:advertisement:4105:search=true,download=true:
20241120-231144.644| rx-> :jz75@pc7-033-l.cs.st-andrews.ac.uk:1732144304643:20241120-231144.643:advertisement:4105:search=true,download=true:
20241120-231144.842| rx-> :jz75@pc7-005-l.cs.st-andrews.ac.uk:1732144304841:20241120-231144.841:advertisement:4105:search=true,download=true:
20241120-231145.454| tx-> :jz75@pc7-007-l.cs.st-andrews.ac.uk:1732144305454:20241120-231145.454:advertisement:4105:search=true,download=true:
20241120-231145.644| rx-> :jz75@pc7-033-l.cs.st-andrews.ac.uk:1732144305643:20241120-231145.643:advertisement:4105:search=true,download=true:
20241120-231145.842| rx-> :jz75@pc7-005-l.cs.st-andrews.ac.uk:1732144305841:20241120-231145.841:advertisement:4105:search=true,download=true:
20241120-231146.454| tx-> :jz75@pc7-007-l.cs.st-andrews.ac.uk:1732144306454:20241120-231146.454:advertisement:4105:search=true,download=true:
20241120-231146.643| rx-> :jz75@pc7-033-l.cs.st-andrews.ac.uk:1732144306643:20241120-231146.643:advertisement:4105:search=true,download=true:
20241120-231146.845| rx-> :jz75@pc7-005-l.cs.st-andrews.ac.uk:1732144306844:20241120-231146.844:advertisement:4105:search=true,download=true:
20241120-231147.454| tx-> :jz75@pc7-007-l.cs.st-andrews.ac.uk:1732144307454:20241120-231147.454:advertisement:4105:search=true,download=true:
20241120-231147.646| rx-> :jz75@pc7-033-l.cs.st-andrews.ac.uk:1732144307645:20241120-231147.645:advertisement:4105:search=true,download=true:
20241120-231147.842| rx-> :jz75@pc7-005-l.cs.st-andrews.ac.uk:1732144307841:20241120-231147.841:advertisement:4105:search=true,download=true:
20241120-231148.457| tx-> :jz75@pc7-007-l.cs.st-andrews.ac.uk:1732144308456:20241120-231148.456:advertisement:4105:search=true,download=true:
20241120-231148.643| rx-> :jz75@pc7-033-l.cs.st-andrews.ac.uk:1732144308643:20241120-231148.643:advertisement:4105:search=true,download=true:
20241120-231148.842| rx-> :jz75@pc7-005-l.cs.st-andrews.ac.uk:1732144308841:20241120-231148.841:advertisement:4105:search=true,download=true:
20241120-231149.454| tx-> :jz75@pc7-007-l.cs.st-andrews.ac.uk:1732144309454:20241120-231149.454:advertisement:4105:search=true,download=true:
20241120-231149.644| rx-> :jz75@pc7-033-l.cs.st-andrews.ac.uk:1732144309643:20241120-231149.643:advertisement:4105:search=true,download=true:
20241120-231149.842| rx-> :jz75@pc7-005-l.cs.st-andrews.ac.uk:1732144309841:20241120-231149.841:advertisement:4105:search=true,download=true:
20241120-231150.454| tx-> :jz75@pc7-007-l.cs.st-andrews.ac.uk:1732144310454:20241120-231150.453:advertisement:4105:search=true,download=true:
20241120-231150.643| rx-> :jz75@pc7-033-l.cs.st-andrews.ac.uk:1732144310642:20241120-231150.642:advertisement:4105:search=true,download=true:
20241120-231150.842| rx-> :jz75@pc7-005-l.cs.st-andrews.ac.uk:1732144310841:20241120-231150.841:advertisement:4105:search=true,download=true:
20241120-231151.454| tx-> :jz75@pc7-007-l.cs.st-andrews.ac.uk:1732144311454:20241120-231151.454:advertisement:4105:search=true,download=true:
20241120-231151.643| rx-> :jz75@pc7-033-l.cs.st-andrews.ac.uk:1732144311643:20241120-231151.643:advertisement:4105:search=true,download=true:
20241120-231151.842| rx-> :jz75@pc7-005-l.cs.st-andrews.ac.uk:1732144311841:20241120-231151.841:advertisement:4105:search=true,download=true:
20241120-231152.454| tx-> :jz75@pc7-007-l.cs.st-andrews.ac.uk:1732144312454:20241120-231152.454:advertisement:4105:search=true,download=true:
20241120-231152.643| rx-> :jz75@pc7-033-l.cs.st-andrews.ac.uk:1732144312643:20241120-231152.643:advertisement:4105:search=true,download=true:
20241120-231152.844| rx-> :jz75@pc7-005-l.cs.st-andrews.ac.uk:1732144312843:20241120-231152.843:advertisement:4105:search=true,download=true:
20241120-231153.454| tx-> :jz75@pc7-007-l.cs.st-andrews.ac.uk:1732144313454:20241120-231153.454:advertisement:4105:search=true,download=true:
20241120-231153.645| rx-> :jz75@pc7-033-l.cs.st-andrews.ac.uk:1732144313644:20241120-231153.644:advertisement:4105:search=true,download=true:
20241120-231153.841| rx-> :jz75@pc7-005-l.cs.st-andrews.ac.uk:1732144313841:20241120-231153.841:advertisement:4105:search=true,download=true:
20241120-231154.456| tx-> :jz75@pc7-007-l.cs.st-andrews.ac.uk:1732144314456:20241120-231154.456:advertisement:4105:search=true,download=true:
20241120-231154.644| rx-> :jz75@pc7-033-l.cs.st-andrews.ac.uk:1732144314643:20241120-231154.643:advertisement:4105:search=true,download=true:
20241120-231154.842| rx-> :jz75@pc7-005-l.cs.st-andrews.ac.uk:1732144314841:20241120-231154.841:advertisement:4105:search=true,download=true:
20241120-231155.454| tx-> :jz75@pc7-007-l.cs.st-andrews.ac.uk:1732144315454:20241120-231155.453:advertisement:4105:search=true,download=true:
20241120-231155.644| rx-> :jz75@pc7-033-l.cs.st-andrews.ac.uk:1732144315643:20241120-231155.643:advertisement:4105:search=true,download=true:
20241120-231155.842| rx-> :jz75@pc7-005-l.cs.st-andrews.ac.uk:1732144315841:20241120-231155.841:advertisement:4105:search=true,download=true:
20241120-231156.454| tx-> :jz75@pc7-007-l.cs.st-andrews.ac.uk:1732144316454:20241120-231156.453:advertisement:4105:search=true,download=true:
20241120-231156.644| rx-> :jz75@pc7-033-l.cs.st-andrews.ac.uk:1732144316643:20241120-231156.643:advertisement:4105:search=true,download=true:
20241120-231156.842| rx-> :jz75@pc7-005-l.cs.st-andrews.ac.uk:1732144316841:20241120-231156.841:advertisement:4105:search=true,download=true:
20241120-232320.788| -* logFile=logs/jz75@pc7-007-l.cs.st-andrews.ac.uk.log
20241120-232320.789| -* id=jz75@pc7-007-l.cs.st-andrews.ac.uk
20241120-232320.789| -* rootDir=root_dir
20241120-232320.789| -* mAddr6=ff02::4105:4105
20241120-232320.791| -* mPort=4105
20241120-232320.791| -* mTTL=2
20241120-232320.791| -* loopback=true
20241120-232320.791| -* reuseAddr=false
20241120-232320.791| -* soTimeout=10
20241120-232320.791| -* sleepTime=1000
20241120-232320.791| -* maximumMessageSize=1400
20241120-232320.792| -* maximumAdvertisementPeriod=1000
20241120-232320.792| -* search=true
20241120-232320.792| -* download=true
20241120-232320.827| using interface enp3s0
20241120-232320.830| Multicast Endpoint Created : ff02::4105:4105:4105
20241120-232320.830| joined IPv6 multicast group /[ff02:0:0:0:0:0:4105:4105]:4105
20241120-232320.831| jz75@pc7-007-l.cs.st-andrews.ac.uk Joined Multicast Group
20241120-232320.849| tx-> :jz75@pc7-007-l.cs.st-andrews.ac.uk:1732145000838:20241120-232320.838:advertisement:4105:search=true,download=true:
20241120-232320.890| rx-> :jz75@pc7-005-l.cs.st-andrews.ac.uk:1732145000889:20241120-232320.889:advertisement:4105:search=true,download=true:
20241120-232321.839| tx-> :jz75@pc7-007-l.cs.st-andrews.ac.uk:1732145001838:20241120-232321.838:advertisement:4105:search=true,download=true:
20241120-232321.889| rx-> :jz75@pc7-005-l.cs.st-andrews.ac.uk:1732145001888:20241120-232321.888:advertisement:4105:search=true,download=true:
20241120-232322.838| tx-> :jz75@pc7-007-l.cs.st-andrews.ac.uk:1732145002838:20241120-232322.838:advertisement:4105:search=true,download=true:
20241120-232322.890| rx-> :jz75@pc7-005-l.cs.st-andrews.ac.uk:1732145002889:20241120-232322.889:advertisement:4105:search=true,download=true:
20241120-232323.838| tx-> :jz75@pc7-007-l.cs.st-andrews.ac.uk:1732145003838:20241120-232323.838:advertisement:4105:search=true,download=true:
20241120-232323.893| rx-> :jz75@pc7-005-l.cs.st-andrews.ac.uk:1732145003892:20241120-232323.891:advertisement:4105:search=true,download=true:
20241120-232324.838| tx-> :jz75@pc7-007-l.cs.st-andrews.ac.uk:1732145004838:20241120-232324.838:advertisement:4105:search=true,download=true:
20241120-232324.890| rx-> :jz75@pc7-005-l.cs.st-andrews.ac.uk:1732145004889:20241120-232324.889:advertisement:4105:search=true,download=true:
20241120-232325.841| tx-> :jz75@pc7-007-l.cs.st-andrews.ac.uk:1732145005841:20241120-232325.840:advertisement:4105:search=true,download=true:
20241120-232325.890| rx-> :jz75@pc7-005-l.cs.st-andrews.ac.uk:1732145005889:20241120-232325.889:advertisement:4105:search=true,download=true:
20241120-232326.838| tx-> :jz75@pc7-007-l.cs.st-andrews.ac.uk:1732145006838:20241120-232326.838:advertisement:4105:search=true,download=true:
20241120-232326.890| rx-> :jz75@pc7-005-l.cs.st-andrews.ac.uk:1732145006889:20241120-232326.889:advertisement:4105:search=true,download=true:
20241120-232327.838| tx-> :jz75@pc7-007-l.cs.st-andrews.ac.uk:1732145007838:20241120-232327.838:advertisement:4105:search=true,download=true:
20241120-232327.890| rx-> :jz75@pc7-005-l.cs.st-andrews.ac.uk:1732145007889:20241120-232327.889:advertisement:4105:search=true,download=true:
20241120-232328.838| tx-> :jz75@pc7-007-l.cs.st-andrews.ac.uk:1732145008838:20241120-232328.838:advertisement:4105:search=true,download=true:
20241120-232328.890| rx-> :jz75@pc7-005-l.cs.st-andrews.ac.uk:1732145008889:20241120-232328.889:advertisement:4105:search=true,download=true:
20241120-232329.838| tx-> :jz75@pc7-007-l.cs.st-andrews.ac.uk:1732145009838:20241120-232329.838:advertisement:4105:search=true,download=true:
20241120-232329.892| rx-> :jz75@pc7-005-l.cs.st-andrews.ac.uk:1732145009891:20241120-232329.891:advertisement:4105:search=true,download=true:
20241120-232330.838| tx-> :jz75@pc7-007-l.cs.st-andrews.ac.uk:1732145010838:20241120-232330.838:advertisement:4105:search=true,download=true:
20241120-232330.890| rx-> :jz75@pc7-005-l.cs.st-andrews.ac.uk:1732145010889:20241120-232330.889:advertisement:4105:search=true,download=true:
20241120-232331.839| tx-> :jz75@pc7-007-l.cs.st-andrews.ac.uk:1732145011839:20241120-232331.839:advertisement:4105:search=true,download=true:
20241120-232331.889| rx-> :jz75@pc7-005-l.cs.st-andrews.ac.uk:1732145011889:20241120-232331.888:advertisement:4105:search=true,download=true:
20241120-232332.838| tx-> :jz75@pc7-007-l.cs.st-andrews.ac.uk:1732145012838:20241120-232332.838:advertisement:4105:search=true,download=true:
20241120-232332.890| rx-> :jz75@pc7-005-l.cs.st-andrews.ac.uk:1732145012889:20241120-232332.889:advertisement:4105:search=true,download=true:
20241120-232332.945| rx-> :jz75@pc7-033-l.cs.st-andrews.ac.uk:1732145012928:20241120-232332.928:advertisement:4105:search=true,download=false:
20241120-232333.838| tx-> :jz75@pc7-007-l.cs.st-andrews.ac.uk:1732145013838:20241120-232333.838:advertisement:4105:search=true,download=true:
20241120-232333.890| rx-> :jz75@pc7-005-l.cs.st-andrews.ac.uk:1732145013889:20241120-232333.889:advertisement:4105:search=true,download=true:
20241120-232333.930| rx-> :jz75@pc7-033-l.cs.st-andrews.ac.uk:1732145013929:20241120-232333.928:advertisement:4105:search=true,download=false:
20241120-232334.838| tx-> :jz75@pc7-007-l.cs.st-andrews.ac.uk:1732145014838:20241120-232334.838:advertisement:4105:search=true,download=true:
20241120-232334.889| rx-> :jz75@pc7-005-l.cs.st-andrews.ac.uk:1732145014889:20241120-232334.888:advertisement:4105:search=true,download=true:
20241120-232334.929| rx-> :jz75@pc7-033-l.cs.st-andrews.ac.uk:1732145014928:20241120-232334.928:advertisement:4105:search=true,download=false:
20241120-232335.838| tx-> :jz75@pc7-007-l.cs.st-andrews.ac.uk:1732145015838:20241120-232335.838:advertisement:4105:search=true,download=true:
20241120-232335.892| rx-> :jz75@pc7-005-l.cs.st-andrews.ac.uk:1732145015891:20241120-232335.891:advertisement:4105:search=true,download=true:
20241120-232335.929| rx-> :jz75@pc7-033-l.cs.st-andrews.ac.uk:1732145015929:20241120-232335.928:advertisement:4105:search=true,download=false:
20241120-232336.838| tx-> :jz75@pc7-007-l.cs.st-andrews.ac.uk:1732145016838:20241120-232336.838:advertisement:4105:search=true,download=true:
20241120-232336.889| rx-> :jz75@pc7-005-l.cs.st-andrews.ac.uk:1732145016889:20241120-232336.888:advertisement:4105:search=true,download=true:
20241120-232336.929| rx-> :jz75@pc7-033-l.cs.st-andrews.ac.uk:1732145016929:20241120-232336.928:advertisement:4105:search=true,download=false:
20241120-232337.841| tx-> :jz75@pc7-007-l.cs.st-andrews.ac.uk:1732145017840:20241120-232337.840:advertisement:4105:search=true,download=true:
20241120-232337.889| rx-> :jz75@pc7-005-l.cs.st-andrews.ac.uk:1732145017889:20241120-232337.888:advertisement:4105:search=true,download=true:
20241120-232337.932| rx-> :jz75@pc7-033-l.cs.st-andrews.ac.uk:1732145017931:20241120-232337.931:advertisement:4105:search=true,download=false:
20241120-232338.838| tx-> :jz75@pc7-007-l.cs.st-andrews.ac.uk:1732145018838:20241120-232338.838:advertisement:4105:search=true,download=true:
20241120-232338.889| rx-> :jz75@pc7-005-l.cs.st-andrews.ac.uk:1732145018889:20241120-232338.889:advertisement:4105:search=true,download=true:
20241120-232338.929| rx-> :jz75@pc7-033-l.cs.st-andrews.ac.uk:1732145018928:20241120-232338.928:advertisement:4105:search=true,download=false:
20241120-232339.838| tx-> :jz75@pc7-007-l.cs.st-andrews.ac.uk:1732145019838:20241120-232339.838:advertisement:4105:search=true,download=true:
20241120-232339.889| rx-> :jz75@pc7-005-l.cs.st-andrews.ac.uk:1732145019889:20241120-232339.889:advertisement:4105:search=true,download=true:
20241120-232339.929| rx-> :jz75@pc7-033-l.cs.st-andrews.ac.uk:1732145019928:20241120-232339.928:advertisement:4105:search=true,download=false:
20241120-232340.838| tx-> :jz75@pc7-007-l.cs.st-andrews.ac.uk:1732145020838:20241120-232340.838:advertisement:4105:search=true,download=true:
20241120-232340.889| rx-> :jz75@pc7-005-l.cs.st-andrews.ac.uk:1732145020889:20241120-232340.888:advertisement:4105:search=true,download=true:
20241120-232340.929| rx-> :jz75@pc7-033-l.cs.st-andrews.ac.uk:1732145020928:20241120-232340.928:advertisement:4105:search=true,download=false:
20241120-232341.838| tx-> :jz75@pc7-007-l.cs.st-andrews.ac.uk:1732145021838:20241120-232341.838:advertisement:4105:search=true,download=true:
20241120-232341.892| rx-> :jz75@pc7-005-l.cs.st-andrews.ac.uk:1732145021891:20241120-232341.891:advertisement:4105:search=true,download=true:
20241120-232341.929| rx-> :jz75@pc7-033-l.cs.st-andrews.ac.uk:1732145021928:20241120-232341.928:advertisement:4105:search=true,download=false:
20241120-232342.838| tx-> :jz75@pc7-007-l.cs.st-andrews.ac.uk:1732145022838:20241120-232342.838:advertisement:4105:search=true,download=true:
20241120-232342.889| rx-> :jz75@pc7-005-l.cs.st-andrews.ac.uk:1732145022888:20241120-232342.888:advertisement:4105:search=true,download=true:
20241120-232342.929| rx-> :jz75@pc7-033-l.cs.st-andrews.ac.uk:1732145022928:20241120-232342.928:advertisement:4105:search=true,download=false:
20241120-232343.840| tx-> :jz75@pc7-007-l.cs.st-andrews.ac.uk:1732145023840:20241120-232343.840:advertisement:4105:search=true,download=true:
20241120-232343.890| rx-> :jz75@pc7-005-l.cs.st-andrews.ac.uk:1732145023889:20241120-232343.888:advertisement:4105:search=true,download=true:
20241120-232343.931| rx-> :jz75@pc7-033-l.cs.st-andrews.ac.uk:1732145023930:20241120-232343.930:advertisement:4105:search=true,download=false:
20241120-232344.838| tx-> :jz75@pc7-007-l.cs.st-andrews.ac.uk:1732145024838:20241120-232344.838:advertisement:4105:search=true,download=true:
20241120-232344.889| rx-> :jz75@pc7-005-l.cs.st-andrews.ac.uk:1732145024889:20241120-232344.888:advertisement:4105:search=true,download=true:
20241120-232344.929| rx-> :jz75@pc7-033-l.cs.st-andrews.ac.uk:1732145024928:20241120-232344.928:advertisement:4105:search=true,download=false:
20241120-232345.838| tx-> :jz75@pc7-007-l.cs.st-andrews.ac.uk:1732145025838:20241120-232345.838:advertisement:4105:search=true,download=true:
20241120-232345.889| rx-> :jz75@pc7-005-l.cs.st-andrews.ac.uk:1732145025889:20241120-232345.888:advertisement:4105:search=true,download=true:
20241120-232345.929| rx-> :jz75@pc7-033-l.cs.st-andrews.ac.uk:1732145025928:20241120-232345.928:advertisement:4105:search=true,download=false:
20241120-232346.838| tx-> :jz75@pc7-007-l.cs.st-andrews.ac.uk:1732145026838:20241120-232346.838:advertisement:4105:search=true,download=true:
20241120-232346.890| rx-> :jz75@pc7-005-l.cs.st-andrews.ac.uk:1732145026889:20241120-232346.888:advertisement:4105:search=true,download=true:
20241120-232346.929| rx-> :jz75@pc7-033-l.cs.st-andrews.ac.uk:1732145026928:20241120-232346.928:advertisement:4105:search=true,download=false:
20241120-232347.837| tx-> :jz75@pc7-007-l.cs.st-andrews.ac.uk:1732145027837:20241120-232347.837:advertisement:4105:search=true,download=true:
20241120-232347.891| rx-> :jz75@pc7-005-l.cs.st-andrews.ac.uk:1732145027891:20241120-232347.890:advertisement:4105:search=true,download=true:
20241120-232347.929| rx-> :jz75@pc7-033-l.cs.st-andrews.ac.uk:1732145027928:20241120-232347.928:advertisement:4105:search=true,download=false:
20241120-232348.838| tx-> :jz75@pc7-007-l.cs.st-andrews.ac.uk:1732145028838:20241120-232348.838:advertisement:4105:search=true,download=true:
20241120-232348.889| rx-> :jz75@pc7-005-l.cs.st-andrews.ac.uk:1732145028889:20241120-232348.888:advertisement:4105:search=true,download=true:
20241120-232348.929| rx-> :jz75@pc7-033-l.cs.st-andrews.ac.uk:1732145028928:20241120-232348.928:advertisement:4105:search=true,download=false:
20241120-232349.840| tx-> :jz75@pc7-007-l.cs.st-andrews.ac.uk:1732145029840:20241120-232349.840:advertisement:4105:search=true,download=true:
20241120-232349.889| rx-> :jz75@pc7-005-l.cs.st-andrews.ac.uk:1732145029889:20241120-232349.888:advertisement:4105:search=true,download=true:
20241120-232349.930| rx-> :jz75@pc7-033-l.cs.st-andrews.ac.uk:1732145029929:20241120-232349.929:advertisement:4105:search=true,download=false:
20241120-232350.838| tx-> :jz75@pc7-007-l.cs.st-andrews.ac.uk:1732145030838:20241120-232350.838:advertisement:4105:search=true,download=true:
20241120-232350.889| rx-> :jz75@pc7-005-l.cs.st-andrews.ac.uk:1732145030889:20241120-232350.888:advertisement:4105:search=true,download=true:
20241120-232350.929| rx-> :jz75@pc7-033-l.cs.st-andrews.ac.uk:1732145030928:20241120-232350.928:advertisement:4105:search=true,download=false:
20241120-232351.838| tx-> :jz75@pc7-007-l.cs.st-andrews.ac.uk:1732145031838:20241120-232351.838:advertisement:4105:search=true,download=true:
20241120-232351.889| rx-> :jz75@pc7-005-l.cs.st-andrews.ac.uk:1732145031889:20241120-232351.888:advertisement:4105:search=true,download=true:
20241120-232351.929| rx-> :jz75@pc7-033-l.cs.st-andrews.ac.uk:1732145031928:20241120-232351.928:advertisement:4105:search=true,download=false:
20241120-232352.838| tx-> :jz75@pc7-007-l.cs.st-andrews.ac.uk:1732145032838:20241120-232352.838:advertisement:4105:search=true,download=true:
20241120-232352.889| rx-> :jz75@pc7-005-l.cs.st-andrews.ac.uk:1732145032888:20241120-232352.888:advertisement:4105:search=true,download=true:
20241120-232352.929| rx-> :jz75@pc7-033-l.cs.st-andrews.ac.uk:1732145032928:20241120-232352.928:advertisement:4105:search=true,download=false:
20241120-232353.838| tx-> :jz75@pc7-007-l.cs.st-andrews.ac.uk:1732145033838:20241120-232353.838:advertisement:4105:search=true,download=true:
20241120-232353.892| rx-> :jz75@pc7-005-l.cs.st-andrews.ac.uk:1732145033892:20241120-232353.891:advertisement:4105:search=true,download=true:
20241120-232353.929| rx-> :jz75@pc7-033-l.cs.st-andrews.ac.uk:1732145033928:20241120-232353.928:advertisement:4105:search=true,download=false:
20241120-232354.838| tx-> :jz75@pc7-007-l.cs.st-andrews.ac.uk:1732145034838:20241120-232354.838:advertisement:4105:search=true,download=true:
20241120-232354.889| rx-> :jz75@pc7-005-l.cs.st-andrews.ac.uk:1732145034889:20241120-232354.888:advertisement:4105:search=true,download=true:
20241120-232354.929| rx-> :jz75@pc7-033-l.cs.st-andrews.ac.uk:1732145034928:20241120-232354.928:advertisement:4105:search=true,download=false:
20241120-232355.841| tx-> :jz75@pc7-007-l.cs.st-andrews.ac.uk:1732145035841:20241120-232355.841:advertisement:4105:search=true,download=true:
20241120-232355.889| rx-> :jz75@pc7-005-l.cs.st-andrews.ac.uk:1732145035888:20241120-232355.888:advertisement:4105:search=true,download=true:
20241120-232355.931| rx-> :jz75@pc7-033-l.cs.st-andrews.ac.uk:1732145035931:20241120-232355.931:advertisement:4105:search=true,download=false:
20241120-232356.838| tx-> :jz75@pc7-007-l.cs.st-andrews.ac.uk:1732145036838:20241120-232356.838:advertisement:4105:search=true,download=true:
20241120-232356.889| rx-> :jz75@pc7-005-l.cs.st-andrews.ac.uk:1732145036889:20241120-232356.888:advertisement:4105:search=true,download=true:
20241120-232356.929| rx-> :jz75@pc7-033-l.cs.st-andrews.ac.uk:1732145036928:20241120-232356.928:advertisement:4105:search=true,download=false:
20241120-232357.838| tx-> :jz75@pc7-007-l.cs.st-andrews.ac.uk:1732145037838:20241120-232357.838:advertisement:4105:search=true,download=true:
20241120-232357.889| rx-> :jz75@pc7-005-l.cs.st-andrews.ac.uk:1732145037888:20241120-232357.888:advertisement:4105:search=true,download=true:
20241120-232357.928| rx-> :jz75@pc7-033-l.cs.st-andrews.ac.uk:1732145037928:20241120-232357.928:advertisement:4105:search=true,download=false:
20241120-232358.837| tx-> :jz75@pc7-007-l.cs.st-andrews.ac.uk:1732145038837:20241120-232358.837:advertisement:4105:search=true,download=true:
20241120-232358.889| rx-> :jz75@pc7-005-l.cs.st-andrews.ac.uk:1732145038888:20241120-232358.888:advertisement:4105:search=true,download=true:
20241120-232358.929| rx-> :jz75@pc7-033-l.cs.st-andrews.ac.uk:1732145038928:20241120-232358.928:advertisement:4105:search=true,download=false:
20241120-232359.838| tx-> :jz75@pc7-007-l.cs.st-andrews.ac.uk:1732145039838:20241120-232359.838:advertisement:4105:search=true,download=true:
20241120-232359.931| rx-> :jz75@pc7-033-l.cs.st-andrews.ac.uk:1732145039930:20241120-232359.930:advertisement:4105:search=true,download=false:
20241120-233327.852| -* logFile=logs/jz75@pc7-007-l.cs.st-andrews.ac.uk.log
20241120-233327.853| -* id=jz75@pc7-007-l.cs.st-andrews.ac.uk
20241120-233327.853| -* rootDir=root_dir
20241120-233327.853| -* mAddr6=ff02::4105:4105
20241120-233327.854| -* mPort=4105
20241120-233327.855| -* mTTL=2
20241120-233327.855| -* loopback=true
20241120-233327.855| -* reuseAddr=false
20241120-233327.855| -* soTimeout=10
20241120-233327.855| -* sleepTime=1000
20241120-233327.856| -* maximumMessageSize=1400
20241120-233327.856| -* maximumAdvertisementPeriod=1000
20241120-233327.856| -* search=true
20241120-233327.856| -* download=false
20241120-233327.883| using interface enp3s0
20241120-233327.884| Multicast Endpoint Created : ff02::4105:4105:4105
20241120-233327.885| joined IPv6 multicast group /[ff02:0:0:0:0:0:4105:4105]:4105
20241120-233327.885| jz75@pc7-007-l.cs.st-andrews.ac.uk Joined Multicast Group
20241120-233327.902| tx-> :jz75@pc7-007-l.cs.st-andrews.ac.uk:1732145607891:20241120-233327.891:advertisement:4105:search=true,download=false:
20241120-233328.892| tx-> :jz75@pc7-007-l.cs.st-andrews.ac.uk:1732145608891:20241120-233328.891:advertisement:4105:search=true,download=false:
20241120-233329.650| rx-> :jz75@pc7-005-l.cs.st-andrews.ac.uk:1732145609637:20241120-233329.637:advertisement:4105:search=true,download=false:
20241120-233329.891| tx-> :jz75@pc7-007-l.cs.st-andrews.ac.uk:1732145609891:20241120-233329.891:advertisement:4105:search=true,download=false:
20241120-233330.639| rx-> :jz75@pc7-005-l.cs.st-andrews.ac.uk:1732145610637:20241120-233330.637:advertisement:4105:search=true,download=false:
20241120-233330.892| tx-> :jz75@pc7-007-l.cs.st-andrews.ac.uk:1732145610891:20241120-233330.891:advertisement:4105:search=true,download=false:
20241120-233331.638| rx-> :jz75@pc7-005-l.cs.st-andrews.ac.uk:1732145611637:20241120-233331.637:advertisement:4105:search=true,download=false:
20241120-233331.891| tx-> :jz75@pc7-007-l.cs.st-andrews.ac.uk:1732145611891:20241120-233331.891:advertisement:4105:search=true,download=false:
20241120-233332.638| rx-> :jz75@pc7-005-l.cs.st-andrews.ac.uk:1732145612637:20241120-233332.637:advertisement:4105:search=true,download=false:
20241120-233332.894| tx-> :jz75@pc7-007-l.cs.st-andrews.ac.uk:1732145612894:20241120-233332.894:advertisement:4105:search=true,download=false:
20241120-233333.638| rx-> :jz75@pc7-005-l.cs.st-andrews.ac.uk:1732145613637:20241120-233333.637:advertisement:4105:search=true,download=false:
20241120-233333.892| tx-> :jz75@pc7-007-l.cs.st-andrews.ac.uk:1732145613891:20241120-233333.891:advertisement:4105:search=true,download=false:
20241120-233334.641| rx-> :jz75@pc7-005-l.cs.st-andrews.ac.uk:1732145614640:20241120-233334.640:advertisement:4105:search=true,download=false:
20241120-233334.892| tx-> :jz75@pc7-007-l.cs.st-andrews.ac.uk:1732145614891:20241120-233334.891:advertisement:4105:search=true,download=false:
20241120-233335.638| rx-> :jz75@pc7-005-l.cs.st-andrews.ac.uk:1732145615637:20241120-233335.637:advertisement:4105:search=true,download=false:
20241120-233335.892| tx-> :jz75@pc7-007-l.cs.st-andrews.ac.uk:1732145615891:20241120-233335.891:advertisement:4105:search=true,download=false:
20241120-233336.638| rx-> :jz75@pc7-005-l.cs.st-andrews.ac.uk:1732145616637:20241120-233336.637:advertisement:4105:search=true,download=false:
20241120-233336.892| tx-> :jz75@pc7-007-l.cs.st-andrews.ac.uk:1732145616891:20241120-233336.891:advertisement:4105:search=true,download=false:
20241120-233337.638| rx-> :jz75@pc7-005-l.cs.st-andrews.ac.uk:1732145617637:20241120-233337.637:advertisement:4105:search=true,download=false:
20241120-233337.892| tx-> :jz75@pc7-007-l.cs.st-andrews.ac.uk:1732145617891:20241120-233337.891:advertisement:4105:search=true,download=false:
20241120-233338.638| rx-> :jz75@pc7-005-l.cs.st-andrews.ac.uk:1732145618637:20241120-233338.637:advertisement:4105:search=true,download=false:
20241120-233338.894| tx-> :jz75@pc7-007-l.cs.st-andrews.ac.uk:1732145618894:20241120-233338.894:advertisement:4105:search=true,download=false:
20241120-233339.638| rx-> :jz75@pc7-005-l.cs.st-andrews.ac.uk:1732145619637:20241120-233339.637:advertisement:4105:search=true,download=false:
20241120-233339.892| tx-> :jz75@pc7-007-l.cs.st-andrews.ac.uk:1732145619892:20241120-233339.891:advertisement:4105:search=true,download=false:
20241120-233340.640| rx-> :jz75@pc7-005-l.cs.st-andrews.ac.uk:1732145620640:20241120-233340.639:advertisement:4105:search=true,download=false:
20241120-233340.892| tx-> :jz75@pc7-007-l.cs.st-andrews.ac.uk:1732145620891:20241120-233340.891:advertisement:4105:search=true,download=false:
20241120-233341.638| rx-> :jz75@pc7-005-l.cs.st-andrews.ac.uk:1732145621637:20241120-233341.637:advertisement:4105:search=true,download=false:
20241120-233341.892| tx-> :jz75@pc7-007-l.cs.st-andrews.ac.uk:1732145621891:20241120-233341.891:advertisement:4105:search=true,download=false:
20241120-233342.638| rx-> :jz75@pc7-005-l.cs.st-andrews.ac.uk:1732145622637:20241120-233342.637:advertisement:4105:search=true,download=false:
20241120-233342.892| tx-> :jz75@pc7-007-l.cs.st-andrews.ac.uk:1732145622891:20241120-233342.891:advertisement:4105:search=true,download=false:
20241120-233343.638| rx-> :jz75@pc7-005-l.cs.st-andrews.ac.uk:1732145623637:20241120-233343.637:advertisement:4105:search=true,download=false:
20241120-233343.892| tx-> :jz75@pc7-007-l.cs.st-andrews.ac.uk:1732145623891:20241120-233343.891:advertisement:4105:search=true,download=false:
20241120-233344.638| rx-> :jz75@pc7-005-l.cs.st-andrews.ac.uk:1732145624637:20241120-233344.637:advertisement:4105:search=true,download=false:
20241120-233344.894| tx-> :jz75@pc7-007-l.cs.st-andrews.ac.uk:1732145624893:20241120-233344.893:advertisement:4105:search=true,download=false:
20241120-233345.638| rx-> :jz75@pc7-005-l.cs.st-andrews.ac.uk:1732145625637:20241120-233345.637:advertisement:4105:search=true,download=false:
20241120-233345.892| tx-> :jz75@pc7-007-l.cs.st-andrews.ac.uk:1732145625891:20241120-233345.891:advertisement:4105:search=true,download=false:
20241120-233346.640| rx-> :jz75@pc7-005-l.cs.st-andrews.ac.uk:1732145626639:20241120-233346.639:advertisement:4105:search=true,download=false:
20241120-233346.892| tx-> :jz75@pc7-007-l.cs.st-andrews.ac.uk:1732145626891:20241120-233346.891:advertisement:4105:search=true,download=false:
20241120-233347.638| rx-> :jz75@pc7-005-l.cs.st-andrews.ac.uk:1732145627637:20241120-233347.637:advertisement:4105:search=true,download=false:
20241120-233347.891| tx-> :jz75@pc7-007-l.cs.st-andrews.ac.uk:1732145627891:20241120-233347.891:advertisement:4105:search=true,download=false:
20241120-233348.638| rx-> :jz75@pc7-005-l.cs.st-andrews.ac.uk:1732145628637:20241120-233348.637:advertisement:4105:search=true,download=false:
20241120-233348.892| tx-> :jz75@pc7-007-l.cs.st-andrews.ac.uk:1732145628891:20241120-233348.891:advertisement:4105:search=true,download=false:
20241120-233349.638| rx-> :jz75@pc7-005-l.cs.st-andrews.ac.uk:1732145629637:20241120-233349.637:advertisement:4105:search=true,download=false:
20241120-233349.892| tx-> :jz75@pc7-007-l.cs.st-andrews.ac.uk:1732145629891:20241120-233349.891:advertisement:4105:search=true,download=false:
20241120-233350.638| rx-> :jz75@pc7-005-l.cs.st-andrews.ac.uk:1732145630637:20241120-233350.637:advertisement:4105:search=true,download=false:
20241120-233350.894| tx-> :jz75@pc7-007-l.cs.st-andrews.ac.uk:1732145630894:20241120-233350.893:advertisement:4105:search=true,download=false:
20241120-233351.638| rx-> :jz75@pc7-005-l.cs.st-andrews.ac.uk:1732145631637:20241120-233351.637:advertisement:4105:search=true,download=false:
20241120-233351.892| tx-> :jz75@pc7-007-l.cs.st-andrews.ac.uk:1732145631891:20241120-233351.891:advertisement:4105:search=true,download=false:
20241120-233352.640| rx-> :jz75@pc7-005-l.cs.st-andrews.ac.uk:1732145632639:20241120-233352.639:advertisement:4105:search=true,download=false:
20241120-233352.892| tx-> :jz75@pc7-007-l.cs.st-andrews.ac.uk:1732145632891:20241120-233352.891:advertisement:4105:search=true,download=false:
20241121-134527.247| -* logFile=logs/jz75@pc7-007-l.cs.st-andrews.ac.uk.log
20241121-134527.247| -* id=jz75@pc7-007-l.cs.st-andrews.ac.uk
20241121-134527.247| -* rootDir=root_dir
20241121-134527.248| -* mAddr6=ff02::4105:4105
20241121-134527.249| -* mPort=4105
20241121-134527.249| -* mTTL=2
20241121-134527.249| -* loopback=true
20241121-134527.250| -* reuseAddr=false
20241121-134527.250| -* soTimeout=10
20241121-134527.250| -* sleepTime=1000
20241121-134527.250| -* maximumMessageSize=1400
20241121-134527.250| -* maximumAdvertisementPeriod=1000
20241121-134527.250| -* search=true
20241121-134527.251| -* download=false
20241121-134527.277| using interface enp3s0
20241121-134527.279| Multicast Endpoint Created : ff02::4105:4105:4105
20241121-134527.279| joined IPv6 multicast group /[ff02:0:0:0:0:0:4105:4105]:4105
20241121-134527.279| jz75@pc7-007-l.cs.st-andrews.ac.uk Joined Multicast Group
20241121-134527.296| tx-> :jz75@pc7-007-l.cs.st-andrews.ac.uk:1732196727286:20241121-134527.285:advertisement:4105:search=true,download=false:
20241121-134527.549| rx-> :jz75@pc7-033-l.cs.st-andrews.ac.uk:1732196727548:20241121-134527.548:advertisement:4105:search=true,download=false:
20241121-134528.285| tx-> :jz75@pc7-007-l.cs.st-andrews.ac.uk:1732196728285:20241121-134528.285:advertisement:4105:search=true,download=false:
20241121-134528.547| rx-> :jz75@pc7-033-l.cs.st-andrews.ac.uk:1732196728547:20241121-134528.547:advertisement:4105:search=true,download=false:
20241121-134529.285| tx-> :jz75@pc7-007-l.cs.st-andrews.ac.uk:1732196729285:20241121-134529.285:advertisement:4105:search=true,download=false:
20241121-134529.548| rx-> :jz75@pc7-033-l.cs.st-andrews.ac.uk:1732196729548:20241121-134529.547:advertisement:4105:search=true,download=false:
20241121-134530.285| tx-> :jz75@pc7-007-l.cs.st-andrews.ac.uk:1732196730285:20241121-134530.285:advertisement:4105:search=true,download=false:
20241121-134530.548| rx-> :jz75@pc7-033-l.cs.st-andrews.ac.uk:1732196730547:20241121-134530.547:advertisement:4105:search=true,download=false:
20241121-134531.285| tx-> :jz75@pc7-007-l.cs.st-andrews.ac.uk:1732196731285:20241121-134531.285:advertisement:4105:search=true,download=false:
20241121-134531.548| rx-> :jz75@pc7-033-l.cs.st-andrews.ac.uk:1732196731547:20241121-134531.547:advertisement:4105:search=true,download=false:
20241121-134532.287| tx-> :jz75@pc7-007-l.cs.st-andrews.ac.uk:1732196732287:20241121-134532.287:advertisement:4105:search=true,download=false:
20241121-134532.548| rx-> :jz75@pc7-033-l.cs.st-andrews.ac.uk:1732196732547:20241121-134532.547:advertisement:4105:search=true,download=false:
20241121-134533.285| tx-> :jz75@pc7-007-l.cs.st-andrews.ac.uk:1732196733285:20241121-134533.285:advertisement:4105:search=true,download=false:
20241121-134533.549| rx-> :jz75@pc7-033-l.cs.st-andrews.ac.uk:1732196733548:20241121-134533.548:advertisement:4105:search=true,download=false:
20241121-134534.285| tx-> :jz75@pc7-007-l.cs.st-andrews.ac.uk:1732196734285:20241121-134534.285:advertisement:4105:search=true,download=false:
20241121-134534.547| rx-> :jz75@pc7-033-l.cs.st-andrews.ac.uk:1732196734547:20241121-134534.547:advertisement:4105:search=true,download=false:
20241121-134535.285| tx-> :jz75@pc7-007-l.cs.st-andrews.ac.uk:1732196735285:20241121-134535.285:advertisement:4105:search=true,download=false:
20241121-134535.547| rx-> :jz75@pc7-033-l.cs.st-andrews.ac.uk:1732196735547:20241121-134535.547:advertisement:4105:search=true,download=false:
20241121-134536.285| tx-> :jz75@pc7-007-l.cs.st-andrews.ac.uk:1732196736285:20241121-134536.285:advertisement:4105:search=true,download=false:
20241121-134536.548| rx-> :jz75@pc7-033-l.cs.st-andrews.ac.uk:1732196736547:20241121-134536.547:advertisement:4105:search=true,download=false:
20241121-134537.285| tx-> :jz75@pc7-007-l.cs.st-andrews.ac.uk:1732196737285:20241121-134537.285:advertisement:4105:search=true,download=false:
20241121-134537.548| rx-> :jz75@pc7-033-l.cs.st-andrews.ac.uk:1732196737547:20241121-134537.547:advertisement:4105:search=true,download=false:
20241121-134538.287| tx-> :jz75@pc7-007-l.cs.st-andrews.ac.uk:1732196738287:20241121-134538.287:advertisement:4105:search=true,download=false:
20241121-134538.548| rx-> :jz75@pc7-033-l.cs.st-andrews.ac.uk:1732196738547:20241121-134538.547:advertisement:4105:search=true,download=false:
20241121-134539.285| tx-> :jz75@pc7-007-l.cs.st-andrews.ac.uk:1732196739285:20241121-134539.285:advertisement:4105:search=true,download=false:
20241121-134539.549| rx-> :jz75@pc7-033-l.cs.st-andrews.ac.uk:1732196739548:20241121-134539.548:advertisement:4105:search=true,download=false:
20241121-134540.285| tx-> :jz75@pc7-007-l.cs.st-andrews.ac.uk:1732196740285:20241121-134540.285:advertisement:4105:search=true,download=false:
20241121-134540.548| rx-> :jz75@pc7-033-l.cs.st-andrews.ac.uk:1732196740547:20241121-134540.547:advertisement:4105:search=true,download=false:
20241121-134541.285| tx-> :jz75@pc7-007-l.cs.st-andrews.ac.uk:1732196741285:20241121-134541.285:advertisement:4105:search=true,download=false:
20241121-134541.548| rx-> :jz75@pc7-033-l.cs.st-andrews.ac.uk:1732196741547:20241121-134541.547:advertisement:4105:search=true,download=false:
20241121-134542.285| tx-> :jz75@pc7-007-l.cs.st-andrews.ac.uk:1732196742285:20241121-134542.285:advertisement:4105:search=true,download=false:
20241121-134542.547| rx-> :jz75@pc7-033-l.cs.st-andrews.ac.uk:1732196742547:20241121-134542.547:advertisement:4105:search=true,download=false:
20241121-134543.285| tx-> :jz75@pc7-007-l.cs.st-andrews.ac.uk:1732196743285:20241121-134543.285:advertisement:4105:search=true,download=false:
20241121-134543.547| rx-> :jz75@pc7-033-l.cs.st-andrews.ac.uk:1732196743547:20241121-134543.547:advertisement:4105:search=true,download=false:
20241121-134544.286| tx-> :jz75@pc7-007-l.cs.st-andrews.ac.uk:1732196744286:20241121-134544.286:advertisement:4105:search=true,download=false:
20241121-134544.548| rx-> :jz75@pc7-033-l.cs.st-andrews.ac.uk:1732196744547:20241121-134544.547:advertisement:4105:search=true,download=false:
20241121-134545.285| tx-> :jz75@pc7-007-l.cs.st-andrews.ac.uk:1732196745285:20241121-134545.285:advertisement:4105:search=true,download=false:
20241121-134545.551| rx-> :jz75@pc7-033-l.cs.st-andrews.ac.uk:1732196745550:20241121-134545.550:advertisement:4105:search=true,download=false:
20241121-134546.285| tx-> :jz75@pc7-007-l.cs.st-andrews.ac.uk:1732196746285:20241121-134546.285:advertisement:4105:search=true,download=false:
20241121-134546.547| rx-> :jz75@pc7-033-l.cs.st-andrews.ac.uk:1732196746547:20241121-134546.547:advertisement:4105:search=true,download=false:
20241121-134547.285| tx-> :jz75@pc7-007-l.cs.st-andrews.ac.uk:1732196747285:20241121-134547.285:advertisement:4105:search=true,download=false:
20241121-134547.548| rx-> :jz75@pc7-033-l.cs.st-andrews.ac.uk:1732196747547:20241121-134547.547:advertisement:4105:search=true,download=false:
20241121-134548.285| tx-> :jz75@pc7-007-l.cs.st-andrews.ac.uk:1732196748285:20241121-134548.285:advertisement:4105:search=true,download=false:
20241121-134548.548| rx-> :jz75@pc7-033-l.cs.st-andrews.ac.uk:1732196748548:20241121-134548.548:advertisement:4105:search=true,download=false:
20241121-134549.285| tx-> :jz75@pc7-007-l.cs.st-andrews.ac.uk:1732196749285:20241121-134549.285:advertisement:4105:search=true,download=false:
20241121-134549.548| rx-> :jz75@pc7-033-l.cs.st-andrews.ac.uk:1732196749547:20241121-134549.547:advertisement:4105:search=true,download=false:
20241121-134550.286| tx-> :jz75@pc7-007-l.cs.st-andrews.ac.uk:1732196750286:20241121-134550.286:advertisement:4105:search=true,download=false:
20241121-134550.548| rx-> :jz75@pc7-033-l.cs.st-andrews.ac.uk:1732196750547:20241121-134550.547:advertisement:4105:search=true,download=false:
20241121-134551.285| tx-> :jz75@pc7-007-l.cs.st-andrews.ac.uk:1732196751285:20241121-134551.285:advertisement:4105:search=true,download=false:
20241121-134551.550| rx-> :jz75@pc7-033-l.cs.st-andrews.ac.uk:1732196751549:20241121-134551.549:advertisement:4105:search=true,download=false:
20241121-134552.285| tx-> :jz75@pc7-007-l.cs.st-andrews.ac.uk:1732196752285:20241121-134552.285:advertisement:4105:search=true,download=false:
20241121-134552.548| rx-> :jz75@pc7-033-l.cs.st-andrews.ac.uk:1732196752547:20241121-134552.547:advertisement:4105:search=true,download=false:
20241121-134553.285| tx-> :jz75@pc7-007-l.cs.st-andrews.ac.uk:1732196753285:20241121-134553.285:advertisement:4105:search=true,download=false:
20241121-134553.548| rx-> :jz75@pc7-033-l.cs.st-andrews.ac.uk:1732196753547:20241121-134553.547:advertisement:4105:search=true,download=false:
20241121-134554.285| tx-> :jz75@pc7-007-l.cs.st-andrews.ac.uk:1732196754285:20241121-134554.285:advertisement:4105:search=true,download=false:
20241121-134554.548| rx-> :jz75@pc7-033-l.cs.st-andrews.ac.uk:1732196754547:20241121-134554.547:advertisement:4105:search=true,download=false:
20241121-134555.285| tx-> :jz75@pc7-007-l.cs.st-andrews.ac.uk:1732196755285:20241121-134555.285:advertisement:4105:search=true,download=false:
20241121-134555.548| rx-> :jz75@pc7-033-l.cs.st-andrews.ac.uk:1732196755547:20241121-134555.547:advertisement:4105:search=true,download=false:
20241121-134556.286| tx-> :jz75@pc7-007-l.cs.st-andrews.ac.uk:1732196756286:20241121-134556.286:advertisement:4105:search=true,download=false:
20241121-134607.341| -* logFile=logs/jz75@pc7-007-l.cs.st-andrews.ac.uk.log
20241121-134607.341| -* id=jz75@pc7-007-l.cs.st-andrews.ac.uk
20241121-134607.342| -* rootDir=root_dir
20241121-134607.342| -* mAddr6=ff02::4105:4105
20241121-134607.343| -* mPort=4105
20241121-134607.344| -* mTTL=2
20241121-134607.344| -* loopback=true
20241121-134607.344| -* reuseAddr=false
20241121-134607.344| -* soTimeout=10
20241121-134607.344| -* sleepTime=1000
20241121-134607.344| -* maximumMessageSize=1400
20241121-134607.344| -* maximumAdvertisementPeriod=1000
20241121-134607.345| -* search=true
20241121-134607.345| -* download=true
20241121-134607.369| using interface enp3s0
20241121-134607.371| Multicast Endpoint Created : ff02::4105:4105:4105
20241121-134607.372| joined IPv6 multicast group /[ff02:0:0:0:0:0:4105:4105]:4105
20241121-134607.372| jz75@pc7-007-l.cs.st-andrews.ac.uk Joined Multicast Group
20241121-134607.388| tx-> :jz75@pc7-007-l.cs.st-andrews.ac.uk:1732196767378:20241121-134607.378:advertisement:4105:search=true,download=true:
20241121-134607.863| rx-> :jz75@pc7-033-l.cs.st-andrews.ac.uk:1732196767863:20241121-134607.863:advertisement:4105:search=true,download=true:
20241121-134608.378| tx-> :jz75@pc7-007-l.cs.st-andrews.ac.uk:1732196768378:20241121-134608.377:advertisement:4105:search=true,download=true:
20241121-134608.863| rx-> :jz75@pc7-033-l.cs.st-andrews.ac.uk:1732196768863:20241121-134608.863:advertisement:4105:search=true,download=true:
20241121-134609.378| tx-> :jz75@pc7-007-l.cs.st-andrews.ac.uk:1732196769378:20241121-134609.377:advertisement:4105:search=true,download=true:
20241121-134609.864| rx-> :jz75@pc7-033-l.cs.st-andrews.ac.uk:1732196769863:20241121-134609.863:advertisement:4105:search=true,download=true:
20241121-134610.378| tx-> :jz75@pc7-007-l.cs.st-andrews.ac.uk:1732196770378:20241121-134610.377:advertisement:4105:search=true,download=true:
20241121-134610.867| rx-> :jz75@pc7-033-l.cs.st-andrews.ac.uk:1732196770866:20241121-134610.866:advertisement:4105:search=true,download=true:
20241121-134611.378| tx-> :jz75@pc7-007-l.cs.st-andrews.ac.uk:1732196771378:20241121-134611.377:advertisement:4105:search=true,download=true:
20241121-134611.864| rx-> :jz75@pc7-033-l.cs.st-andrews.ac.uk:1732196771863:20241121-134611.863:advertisement:4105:search=true,download=true:
20241121-134612.379| tx-> :jz75@pc7-007-l.cs.st-andrews.ac.uk:1732196772379:20241121-134612.379:advertisement:4105:search=true,download=true:
20241121-134612.864| rx-> :jz75@pc7-033-l.cs.st-andrews.ac.uk:1732196772863:20241121-134612.863:advertisement:4105:search=true,download=true:
20241121-134613.378| tx-> :jz75@pc7-007-l.cs.st-andrews.ac.uk:1732196773378:20241121-134613.378:advertisement:4105:search=true,download=true:
20241121-134613.864| rx-> :jz75@pc7-033-l.cs.st-andrews.ac.uk:1732196773863:20241121-134613.863:advertisement:4105:search=true,download=true:
20241121-134614.378| tx-> :jz75@pc7-007-l.cs.st-andrews.ac.uk:1732196774378:20241121-134614.377:advertisement:4105:search=true,download=true:
20241121-134614.864| rx-> :jz75@pc7-033-l.cs.st-andrews.ac.uk:1732196774863:20241121-134614.863:advertisement:4105:search=true,download=true:
20241121-134615.378| tx-> :jz75@pc7-007-l.cs.st-andrews.ac.uk:1732196775378:20241121-134615.378:advertisement:4105:search=true,download=true:
20241121-134615.864| rx-> :jz75@pc7-033-l.cs.st-andrews.ac.uk:1732196775863:20241121-134615.863:advertisement:4105:search=true,download=true:
20241121-134616.378| tx-> :jz75@pc7-007-l.cs.st-andrews.ac.uk:1732196776378:20241121-134616.377:advertisement:4105:search=true,download=true:
20241121-134616.866| rx-> :jz75@pc7-033-l.cs.st-andrews.ac.uk:1732196776865:20241121-134616.865:advertisement:4105:search=true,download=true:
20241121-134617.378| tx-> :jz75@pc7-007-l.cs.st-andrews.ac.uk:1732196777378:20241121-134617.377:advertisement:4105:search=true,download=true:
20241121-134617.864| rx-> :jz75@pc7-033-l.cs.st-andrews.ac.uk:1732196777863:20241121-134617.863:advertisement:4105:search=true,download=true:
20241121-134618.379| tx-> :jz75@pc7-007-l.cs.st-andrews.ac.uk:1732196778379:20241121-134618.379:advertisement:4105:search=true,download=true:
20241121-134618.864| rx-> :jz75@pc7-033-l.cs.st-andrews.ac.uk:1732196778863:20241121-134618.863:advertisement:4105:search=true,download=true:
20241121-134619.378| tx-> :jz75@pc7-007-l.cs.st-andrews.ac.uk:1732196779378:20241121-134619.378:advertisement:4105:search=true,download=true:
20241121-134619.864| rx-> :jz75@pc7-033-l.cs.st-andrews.ac.uk:1732196779863:20241121-134619.863:advertisement:4105:search=true,download=true:
20241121-134620.378| tx-> :jz75@pc7-007-l.cs.st-andrews.ac.uk:1732196780377:20241121-134620.377:advertisement:4105:search=true,download=true:
20241121-134620.864| rx-> :jz75@pc7-033-l.cs.st-andrews.ac.uk:1732196780863:20241121-134620.863:advertisement:4105:search=true,download=true:
20241121-134621.378| tx-> :jz75@pc7-007-l.cs.st-andrews.ac.uk:1732196781378:20241121-134621.378:advertisement:4105:search=true,download=true:
20241121-134621.864| rx-> :jz75@pc7-033-l.cs.st-andrews.ac.uk:1732196781863:20241121-134621.863:advertisement:4105:search=true,download=true:
20241121-134622.378| tx-> :jz75@pc7-007-l.cs.st-andrews.ac.uk:1732196782378:20241121-134622.377:advertisement:4105:search=true,download=true:
20241121-134622.866| rx-> :jz75@pc7-033-l.cs.st-andrews.ac.uk:1732196782865:20241121-134622.865:advertisement:4105:search=true,download=true:
20241121-134623.378| tx-> :jz75@pc7-007-l.cs.st-andrews.ac.uk:1732196783378:20241121-134623.377:advertisement:4105:search=true,download=true:
20241121-134623.864| rx-> :jz75@pc7-033-l.cs.st-andrews.ac.uk:1732196783863:20241121-134623.863:advertisement:4105:search=true,download=true:
20241121-134624.084| rx-> :jz75@pc7-033-l.cs.st-andrews.ac.uk:1732196784081:20241121-134624.081:download-request:jz75@pc7-007-l.cs.st-andrews.ac.uk:text1:
20241121-134624.097| tx-> :jz75@pc7-007-l.cs.st-andrews.ac.uk:1732196784081:20241121-134624.093:download-error:jz75@pc7-033-l.cs.st-andrews.ac.uk:1732196784081:3:
20241121-134624.378| tx-> :jz75@pc7-007-l.cs.st-andrews.ac.uk:1732196784378:20241121-134624.377:advertisement:4105:search=true,download=true:
20241121-134624.864| rx-> :jz75@pc7-033-l.cs.st-andrews.ac.uk:1732196784863:20241121-134624.863:advertisement:4105:search=true,download=true:
20241121-134625.378| tx-> :jz75@pc7-007-l.cs.st-andrews.ac.uk:1732196785377:20241121-134625.377:advertisement:4105:search=true,download=true:
20241121-134625.864| rx-> :jz75@pc7-033-l.cs.st-andrews.ac.uk:1732196785863:20241121-134625.863:advertisement:4105:search=true,download=true:
20241121-134626.378| tx-> :jz75@pc7-007-l.cs.st-andrews.ac.uk:1732196786377:20241121-134626.377:advertisement:4105:search=true,download=true:
20241121-134626.864| rx-> :jz75@pc7-033-l.cs.st-andrews.ac.uk:1732196786863:20241121-134626.863:advertisement:4105:search=true,download=true:
20241121-134627.378| tx-> :jz75@pc7-007-l.cs.st-andrews.ac.uk:1732196787378:20241121-134627.377:advertisement:4105:search=true,download=true:
20241121-134627.864| rx-> :jz75@pc7-033-l.cs.st-andrews.ac.uk:1732196787863:20241121-134627.863:advertisement:4105:search=true,download=true:
20241121-134628.378| tx-> :jz75@pc7-007-l.cs.st-andrews.ac.uk:1732196788378:20241121-134628.377:advertisement:4105:search=true,download=true:
20241121-134628.865| rx-> :jz75@pc7-033-l.cs.st-andrews.ac.uk:1732196788864:20241121-134628.864:advertisement:4105:search=true,download=true:
20241121-134629.379| tx-> :jz75@pc7-007-l.cs.st-andrews.ac.uk:1732196789379:20241121-134629.379:advertisement:4105:search=true,download=true:
20241121-134629.863| rx-> :jz75@pc7-033-l.cs.st-andrews.ac.uk:1732196789863:20241121-134629.863:advertisement:4105:search=true,download=true:
20241121-134630.378| tx-> :jz75@pc7-007-l.cs.st-andrews.ac.uk:1732196790377:20241121-134630.377:advertisement:4105:search=true,download=true:
20241121-134630.864| rx-> :jz75@pc7-033-l.cs.st-andrews.ac.uk:1732196790863:20241121-134630.863:advertisement:4105:search=true,download=true:
20241121-134631.378| tx-> :jz75@pc7-007-l.cs.st-andrews.ac.uk:1732196791378:20241121-134631.377:advertisement:4105:search=true,download=true:
20241121-134631.863| rx-> :jz75@pc7-033-l.cs.st-andrews.ac.uk:1732196791863:20241121-134631.863:advertisement:4105:search=true,download=true:
20241121-134632.378| tx-> :jz75@pc7-007-l.cs.st-andrews.ac.uk:1732196792378:20241121-134632.378:advertisement:4105:search=true,download=true:
20241121-134632.863| rx-> :jz75@pc7-033-l.cs.st-andrews.ac.uk:1732196792863:20241121-134632.863:advertisement:4105:search=true,download=true:
20241121-134633.378| tx-> :jz75@pc7-007-l.cs.st-andrews.ac.uk:1732196793378:20241121-134633.377:advertisement:4105:search=true,download=true:
20241121-134633.864| rx-> :jz75@pc7-033-l.cs.st-andrews.ac.uk:1732196793863:20241121-134633.863:advertisement:4105:search=true,download=true:
20241121-134634.378| tx-> :jz75@pc7-007-l.cs.st-andrews.ac.uk:1732196794377:20241121-134634.377:advertisement:4105:search=true,download=true:
20241121-134634.866| rx-> :jz75@pc7-033-l.cs.st-andrews.ac.uk:1732196794865:20241121-134634.865:advertisement:4105:search=true,download=true:
20241121-134635.379| tx-> :jz75@pc7-007-l.cs.st-andrews.ac.uk:1732196795379:20241121-134635.379:advertisement:4105:search=true,download=true:
20241121-134635.863| rx-> :jz75@pc7-033-l.cs.st-andrews.ac.uk:1732196795863:20241121-134635.863:advertisement:4105:search=true,download=true:
20241121-134636.378| tx-> :jz75@pc7-007-l.cs.st-andrews.ac.uk:1732196796378:20241121-134636.377:advertisement:4105:search=true,download=true:
20241121-134636.863| rx-> :jz75@pc7-033-l.cs.st-andrews.ac.uk:1732196796862:20241121-134636.862:advertisement:4105:search=true,download=true:
20241121-134637.378| tx-> :jz75@pc7-007-l.cs.st-andrews.ac.uk:1732196797377:20241121-134637.377:advertisement:4105:search=true,download=true:
20241121-134637.864| rx-> :jz75@pc7-033-l.cs.st-andrews.ac.uk:1732196797863:20241121-134637.863:advertisement:4105:search=true,download=true:
20241121-134638.378| tx-> :jz75@pc7-007-l.cs.st-andrews.ac.uk:1732196798378:20241121-134638.377:advertisement:4105:search=true,download=true:
20241121-134638.811| rx-> :jz75@pc7-033-l.cs.st-andrews.ac.uk:1732196798810:20241121-134638.810:download-request:jz75@pc7-007-l.cs.st-andrews.ac.uk:sdfasdf:
20241121-134638.815| tx-> :jz75@pc7-007-l.cs.st-andrews.ac.uk:1732196798810:20241121-134638.815:download-error:jz75@pc7-033-l.cs.st-andrews.ac.uk:1732196798810:0:
20241121-134638.863| rx-> :jz75@pc7-033-l.cs.st-andrews.ac.uk:1732196798863:20241121-134638.862:advertisement:4105:search=true,download=true:
20241121-134639.378| tx-> :jz75@pc7-007-l.cs.st-andrews.ac.uk:1732196799377:20241121-134639.377:advertisement:4105:search=true,download=true:
20241121-134639.863| rx-> :jz75@pc7-033-l.cs.st-andrews.ac.uk:1732196799863:20241121-134639.863:advertisement:4105:search=true,download=true:
20241121-134640.378| tx-> :jz75@pc7-007-l.cs.st-andrews.ac.uk:1732196800378:20241121-134640.377:advertisement:4105:search=true,download=true:
20241121-134640.867| rx-> :jz75@pc7-033-l.cs.st-andrews.ac.uk:1732196800866:20241121-134640.866:advertisement:4105:search=true,download=true:
20241121-134641.379| tx-> :jz75@pc7-007-l.cs.st-andrews.ac.uk:1732196801379:20241121-134641.379:advertisement:4105:search=true,download=true:
20241121-134641.863| rx-> :jz75@pc7-033-l.cs.st-andrews.ac.uk:1732196801863:20241121-134641.863:advertisement:4105:search=true,download=true:
20241121-134642.378| tx-> :jz75@pc7-007-l.cs.st-andrews.ac.uk:1732196802377:20241121-134642.377:advertisement:4105:search=true,download=true:
20241121-134642.863| rx-> :jz75@pc7-033-l.cs.st-andrews.ac.uk:1732196802863:20241121-134642.863:advertisement:4105:search=true,download=true:
20241121-134643.378| tx-> :jz75@pc7-007-l.cs.st-andrews.ac.uk:1732196803377:20241121-134643.377:advertisement:4105:search=true,download=true:
20241121-134643.864| rx-> :jz75@pc7-033-l.cs.st-andrews.ac.uk:1732196803863:20241121-134643.863:advertisement:4105:search=true,download=true:
20241121-134644.378| tx-> :jz75@pc7-007-l.cs.st-andrews.ac.uk:1732196804377:20241121-134644.377:advertisement:4105:search=true,download=true:
20241121-134644.863| rx-> :jz75@pc7-033-l.cs.st-andrews.ac.uk:1732196804863:20241121-134644.863:advertisement:4105:search=true,download=true:
20241121-134645.378| tx-> :jz75@pc7-007-l.cs.st-andrews.ac.uk:1732196805378:20241121-134645.377:advertisement:4105:search=true,download=true:
20241121-134645.863| rx-> :jz75@pc7-033-l.cs.st-andrews.ac.uk:1732196805863:20241121-134645.863:advertisement:4105:search=true,download=true:
20241121-134646.378| tx-> :jz75@pc7-007-l.cs.st-andrews.ac.uk:1732196806377:20241121-134646.377:advertisement:4105:search=true,download=true:
20241121-134646.866| rx-> :jz75@pc7-033-l.cs.st-andrews.ac.uk:1732196806865:20241121-134646.865:advertisement:4105:search=true,download=true:
20241121-134647.379| tx-> :jz75@pc7-007-l.cs.st-andrews.ac.uk:1732196807379:20241121-134647.379:advertisement:4105:search=true,download=true:
20241121-134647.864| rx-> :jz75@pc7-033-l.cs.st-andrews.ac.uk:1732196807863:20241121-134647.863:advertisement:4105:search=true,download=true:
20241121-134648.378| tx-> :jz75@pc7-007-l.cs.st-andrews.ac.uk:1732196808378:20241121-134648.377:advertisement:4105:search=true,download=true:
20241121-134648.863| rx-> :jz75@pc7-033-l.cs.st-andrews.ac.uk:1732196808863:20241121-134648.862:advertisement:4105:search=true,download=true:
20241121-134649.378| tx-> :jz75@pc7-007-l.cs.st-andrews.ac.uk:1732196809377:20241121-134649.377:advertisement:4105:search=true,download=true:
20241121-134649.864| rx-> :jz75@pc7-033-l.cs.st-andrews.ac.uk:1732196809863:20241121-134649.863:advertisement:4105:search=true,download=true:
20241121-134650.378| tx-> :jz75@pc7-007-l.cs.st-andrews.ac.uk:1732196810377:20241121-134650.377:advertisement:4105:search=true,download=true:
20241121-134650.863| rx-> :jz75@pc7-033-l.cs.st-andrews.ac.uk:1732196810863:20241121-134650.863:advertisement:4105:search=true,download=true:
20241121-134651.378| tx-> :jz75@pc7-007-l.cs.st-andrews.ac.uk:1732196811377:20241121-134651.377:advertisement:4105:search=true,download=true:
20241121-134651.863| rx-> :jz75@pc7-033-l.cs.st-andrews.ac.uk:1732196811863:20241121-134651.863:advertisement:4105:search=true,download=true:
20241121-134652.378| tx-> :jz75@pc7-007-l.cs.st-andrews.ac.uk:1732196812377:20241121-134652.377:advertisement:4105:search=true,download=true:
20241121-134652.866| rx-> :jz75@pc7-033-l.cs.st-andrews.ac.uk:1732196812865:20241121-134652.865:advertisement:4105:search=true,download=true:
20241121-134652.963| rx-> :jz75@pc7-033-l.cs.st-andrews.ac.uk:1732196812963:20241121-134652.962:download-request:jz75@pc7-007-l.cs.st-andrews.ac.uk:text1-1.txt:
20241121-134652.976| tx-> :jz75@pc7-007-l.cs.st-andrews.ac.uk:1732196812973:20241121-134652.973:download-result:jz75@pc7-033-l.cs.st-andrews.ac.uk:1732196812963:text1-1.txt:34463:
20241121-134653.378| tx-> :jz75@pc7-007-l.cs.st-andrews.ac.uk:1732196813377:20241121-134653.377:advertisement:4105:search=true,download=true:
20241121-134653.863| rx-> :jz75@pc7-033-l.cs.st-andrews.ac.uk:1732196813863:20241121-134653.863:advertisement:4105:search=true,download=true:
20241121-134653.891| tx-> jz75@pc7-007-l.cs.st-andrews.ac.uk sent 6 bytes to pc7-033-l.cs.st-andrews.ac.uk:58412
20241121-134654.378| tx-> :jz75@pc7-007-l.cs.st-andrews.ac.uk:1732196814377:20241121-134654.377:advertisement:4105:search=true,download=true:
20241121-134654.863| rx-> :jz75@pc7-033-l.cs.st-andrews.ac.uk:1732196814863:20241121-134654.863:advertisement:4105:search=true,download=true:
20241121-134655.378| tx-> :jz75@pc7-007-l.cs.st-andrews.ac.uk:1732196815377:20241121-134655.377:advertisement:4105:search=true,download=true:
20241121-134655.863| rx-> :jz75@pc7-033-l.cs.st-andrews.ac.uk:1732196815863:20241121-134655.863:advertisement:4105:search=true,download=true:
20241121-134656.378| tx-> :jz75@pc7-007-l.cs.st-andrews.ac.uk:1732196816377:20241121-134656.377:advertisement:4105:search=true,download=true:
20241121-134656.863| rx-> :jz75@pc7-033-l.cs.st-andrews.ac.uk:1732196816863:20241121-134656.863:advertisement:4105:search=true,download=true:
20241121-134657.378| tx-> :jz75@pc7-007-l.cs.st-andrews.ac.uk:1732196817377:20241121-134657.377:advertisement:4105:search=true,download=true:
20241121-134657.863| rx-> :jz75@pc7-033-l.cs.st-andrews.ac.uk:1732196817863:20241121-134657.863:advertisement:4105:search=true,download=true:
20241121-134658.379| tx-> :jz75@pc7-007-l.cs.st-andrews.ac.uk:1732196818379:20241121-134658.379:advertisement:4105:search=true,download=true:
