20241120-231141.789| -* logFile=logs/jz75@pc7-005-l.cs.st-andrews.ac.uk.log
20241120-231141.790| -* id=jz75@pc7-005-l.cs.st-andrews.ac.uk
20241120-231141.790| -* rootDir=root_dir
20241120-231141.790| -* mAddr6=ff02::4105:4105
20241120-231141.792| -* mPort=4105
20241120-231141.792| -* mTTL=2
20241120-231141.792| -* loopback=true
20241120-231141.792| -* reuseAddr=false
20241120-231141.792| -* soTimeout=10
20241120-231141.792| -* sleepTime=1000
20241120-231141.793| -* maximumMessageSize=1400
20241120-231141.793| -* maximumAdvertisementPeriod=1000
20241120-231141.793| -* search=true
20241120-231141.793| -* download=true
20241120-231141.830| using interface enp3s0
20241120-231141.833| Multicast Endpoint Created : ff02::4105:4105:4105
20241120-231141.834| joined IPv6 multicast group /[ff02:0:0:0:0:0:4105:4105]:4105
20241120-231141.834| jz75@pc7-005-l.cs.st-andrews.ac.uk Joined Multicast Group
20241120-231141.852| tx-> :jz75@pc7-005-l.cs.st-andrews.ac.uk:1732144301841:20241120-231141.841:advertisement:4105:search=true,download=true:
20241120-231142.644| rx-> :jz75@pc7-033-l.cs.st-andrews.ac.uk:1732144302642:20241120-231142.642:advertisement:4105:search=true,download=true:
20241120-231142.841| tx-> :jz75@pc7-005-l.cs.st-andrews.ac.uk:1732144302841:20241120-231142.841:advertisement:4105:search=true,download=true:
20241120-231143.465| rx-> :jz75@pc7-007-l.cs.st-andrews.ac.uk:1732144303453:20241120-231143.453:advertisement:4105:search=true,download=true:
20241120-231143.644| rx-> :jz75@pc7-033-l.cs.st-andrews.ac.uk:1732144303643:20241120-231143.643:advertisement:4105:search=true,download=true:
20241120-231143.841| tx-> :jz75@pc7-005-l.cs.st-andrews.ac.uk:1732144303841:20241120-231143.841:advertisement:4105:search=true,download=true:
20241120-231144.455| rx-> :jz75@pc7-007-l.cs.st-andrews.ac.uk:1732144304454:20241120-231144.454:advertisement:4105:search=true,download=true:
20241120-231144.644| rx-> :jz75@pc7-033-l.cs.st-andrews.ac.uk:1732144304643:20241120-231144.643:advertisement:4105:search=true,download=true:
20241120-231144.841| tx-> :jz75@pc7-005-l.cs.st-andrews.ac.uk:1732144304841:20241120-231144.841:advertisement:4105:search=true,download=true:
20241120-231145.455| rx-> :jz75@pc7-007-l.cs.st-andrews.ac.uk:1732144305454:20241120-231145.454:advertisement:4105:search=true,download=true:
20241120-231145.644| rx-> :jz75@pc7-033-l.cs.st-andrews.ac.uk:1732144305643:20241120-231145.643:advertisement:4105:search=true,download=true:
20241120-231145.841| tx-> :jz75@pc7-005-l.cs.st-andrews.ac.uk:1732144305841:20241120-231145.841:advertisement:4105:search=true,download=true:
20241120-231146.455| rx-> :jz75@pc7-007-l.cs.st-andrews.ac.uk:1732144306454:20241120-231146.454:advertisement:4105:search=true,download=true:
20241120-231146.644| rx-> :jz75@pc7-033-l.cs.st-andrews.ac.uk:1732144306643:20241120-231146.643:advertisement:4105:search=true,download=true:
20241120-231146.844| tx-> :jz75@pc7-005-l.cs.st-andrews.ac.uk:1732144306844:20241120-231146.844:advertisement:4105:search=true,download=true:
20241120-231147.455| rx-> :jz75@pc7-007-l.cs.st-andrews.ac.uk:1732144307454:20241120-231147.454:advertisement:4105:search=true,download=true:
20241120-231147.646| rx-> :jz75@pc7-033-l.cs.st-andrews.ac.uk:1732144307645:20241120-231147.645:advertisement:4105:search=true,download=true:
20241120-231147.841| tx-> :jz75@pc7-005-l.cs.st-andrews.ac.uk:1732144307841:20241120-231147.841:advertisement:4105:search=true,download=true:
20241120-231148.457| rx-> :jz75@pc7-007-l.cs.st-andrews.ac.uk:1732144308456:20241120-231148.456:advertisement:4105:search=true,download=true:
20241120-231148.644| rx-> :jz75@pc7-033-l.cs.st-andrews.ac.uk:1732144308643:20241120-231148.643:advertisement:4105:search=true,download=true:
20241120-231148.841| tx-> :jz75@pc7-005-l.cs.st-andrews.ac.uk:1732144308841:20241120-231148.841:advertisement:4105:search=true,download=true:
20241120-231149.455| rx-> :jz75@pc7-007-l.cs.st-andrews.ac.uk:1732144309454:20241120-231149.454:advertisement:4105:search=true,download=true:
20241120-231149.644| rx-> :jz75@pc7-033-l.cs.st-andrews.ac.uk:1732144309643:20241120-231149.643:advertisement:4105:search=true,download=true:
20241120-231149.841| tx-> :jz75@pc7-005-l.cs.st-andrews.ac.uk:1732144309841:20241120-231149.841:advertisement:4105:search=true,download=true:
20241120-231150.455| rx-> :jz75@pc7-007-l.cs.st-andrews.ac.uk:1732144310454:20241120-231150.453:advertisement:4105:search=true,download=true:
20241120-231150.643| rx-> :jz75@pc7-033-l.cs.st-andrews.ac.uk:1732144310642:20241120-231150.642:advertisement:4105:search=true,download=true:
20241120-231150.841| tx-> :jz75@pc7-005-l.cs.st-andrews.ac.uk:1732144310841:20241120-231150.841:advertisement:4105:search=true,download=true:
20241120-231151.455| rx-> :jz75@pc7-007-l.cs.st-andrews.ac.uk:1732144311454:20241120-231151.454:advertisement:4105:search=true,download=true:
20241120-231151.644| rx-> :jz75@pc7-033-l.cs.st-andrews.ac.uk:1732144311643:20241120-231151.643:advertisement:4105:search=true,download=true:
20241120-231151.841| tx-> :jz75@pc7-005-l.cs.st-andrews.ac.uk:1732144311841:20241120-231151.841:advertisement:4105:search=true,download=true:
20241120-231152.455| rx-> :jz75@pc7-007-l.cs.st-andrews.ac.uk:1732144312454:20241120-231152.454:advertisement:4105:search=true,download=true:
20241120-231152.643| rx-> :jz75@pc7-033-l.cs.st-andrews.ac.uk:1732144312643:20241120-231152.643:advertisement:4105:search=true,download=true:
20241120-231152.843| tx-> :jz75@pc7-005-l.cs.st-andrews.ac.uk:1732144312843:20241120-231152.843:advertisement:4105:search=true,download=true:
20241120-231153.455| rx-> :jz75@pc7-007-l.cs.st-andrews.ac.uk:1732144313454:20241120-231153.454:advertisement:4105:search=true,download=true:
20241120-231153.645| rx-> :jz75@pc7-033-l.cs.st-andrews.ac.uk:1732144313644:20241120-231153.644:advertisement:4105:search=true,download=true:
20241120-231153.841| tx-> :jz75@pc7-005-l.cs.st-andrews.ac.uk:1732144313841:20241120-231153.841:advertisement:4105:search=true,download=true:
20241120-231154.457| rx-> :jz75@pc7-007-l.cs.st-andrews.ac.uk:1732144314456:20241120-231154.456:advertisement:4105:search=true,download=true:
20241120-231154.644| rx-> :jz75@pc7-033-l.cs.st-andrews.ac.uk:1732144314643:20241120-231154.643:advertisement:4105:search=true,download=true:
20241120-231154.842| tx-> :jz75@pc7-005-l.cs.st-andrews.ac.uk:1732144314841:20241120-231154.841:advertisement:4105:search=true,download=true:
20241120-231155.455| rx-> :jz75@pc7-007-l.cs.st-andrews.ac.uk:1732144315454:20241120-231155.453:advertisement:4105:search=true,download=true:
20241120-231155.644| rx-> :jz75@pc7-033-l.cs.st-andrews.ac.uk:1732144315643:20241120-231155.643:advertisement:4105:search=true,download=true:
20241120-231155.841| tx-> :jz75@pc7-005-l.cs.st-andrews.ac.uk:1732144315841:20241120-231155.841:advertisement:4105:search=true,download=true:
20241120-231156.455| rx-> :jz75@pc7-007-l.cs.st-andrews.ac.uk:1732144316454:20241120-231156.453:advertisement:4105:search=true,download=true:
20241120-231156.644| rx-> :jz75@pc7-033-l.cs.st-andrews.ac.uk:1732144316643:20241120-231156.643:advertisement:4105:search=true,download=true:
20241120-231156.841| tx-> :jz75@pc7-005-l.cs.st-andrews.ac.uk:1732144316841:20241120-231156.841:advertisement:4105:search=true,download=true:
20241120-231157.644| rx-> :jz75@pc7-033-l.cs.st-andrews.ac.uk:1732144317643:20241120-231157.643:advertisement:4105:search=true,download=true:
20241120-231157.841| tx-> :jz75@pc7-005-l.cs.st-andrews.ac.uk:1732144317841:20241120-231157.841:advertisement:4105:search=true,download=true:
20241120-232318.837| -* logFile=logs/jz75@pc7-005-l.cs.st-andrews.ac.uk.log
20241120-232318.838| -* id=jz75@pc7-005-l.cs.st-andrews.ac.uk
20241120-232318.838| -* rootDir=root_dir
20241120-232318.838| -* mAddr6=ff02::4105:4105
20241120-232318.840| -* mPort=4105
20241120-232318.840| -* mTTL=2
20241120-232318.840| -* loopback=true
20241120-232318.840| -* reuseAddr=false
20241120-232318.841| -* soTimeout=10
20241120-232318.841| -* sleepTime=1000
20241120-232318.841| -* maximumMessageSize=1400
20241120-232318.841| -* maximumAdvertisementPeriod=1000
20241120-232318.841| -* search=true
20241120-232318.841| -* download=true
20241120-232318.877| using interface enp3s0
20241120-232318.880| Multicast Endpoint Created : ff02::4105:4105:4105
20241120-232318.881| joined IPv6 multicast group /[ff02:0:0:0:0:0:4105:4105]:4105
20241120-232318.881| jz75@pc7-005-l.cs.st-andrews.ac.uk Joined Multicast Group
20241120-232318.900| tx-> :jz75@pc7-005-l.cs.st-andrews.ac.uk:1732144998888:20241120-232318.888:advertisement:4105:search=true,download=true:
20241120-232319.889| tx-> :jz75@pc7-005-l.cs.st-andrews.ac.uk:1732144999889:20241120-232319.889:advertisement:4105:search=true,download=true:
20241120-232320.851| rx-> :jz75@pc7-007-l.cs.st-andrews.ac.uk:1732145000838:20241120-232320.838:advertisement:4105:search=true,download=true:
20241120-232320.889| tx-> :jz75@pc7-005-l.cs.st-andrews.ac.uk:1732145000889:20241120-232320.889:advertisement:4105:search=true,download=true:
20241120-232321.839| rx-> :jz75@pc7-007-l.cs.st-andrews.ac.uk:1732145001838:20241120-232321.838:advertisement:4105:search=true,download=true:
20241120-232321.889| tx-> :jz75@pc7-005-l.cs.st-andrews.ac.uk:1732145001888:20241120-232321.888:advertisement:4105:search=true,download=true:
20241120-232322.839| rx-> :jz75@pc7-007-l.cs.st-andrews.ac.uk:1732145002838:20241120-232322.838:advertisement:4105:search=true,download=true:
20241120-232322.889| tx-> :jz75@pc7-005-l.cs.st-andrews.ac.uk:1732145002889:20241120-232322.889:advertisement:4105:search=true,download=true:
20241120-232323.839| rx-> :jz75@pc7-007-l.cs.st-andrews.ac.uk:1732145003838:20241120-232323.838:advertisement:4105:search=true,download=true:
20241120-232323.892| tx-> :jz75@pc7-005-l.cs.st-andrews.ac.uk:1732145003892:20241120-232323.891:advertisement:4105:search=true,download=true:
20241120-232324.839| rx-> :jz75@pc7-007-l.cs.st-andrews.ac.uk:1732145004838:20241120-232324.838:advertisement:4105:search=true,download=true:
20241120-232324.889| tx-> :jz75@pc7-005-l.cs.st-andrews.ac.uk:1732145004889:20241120-232324.889:advertisement:4105:search=true,download=true:
20241120-232325.841| rx-> :jz75@pc7-007-l.cs.st-andrews.ac.uk:1732145005841:20241120-232325.840:advertisement:4105:search=true,download=true:
20241120-232325.889| tx-> :jz75@pc7-005-l.cs.st-andrews.ac.uk:1732145005889:20241120-232325.889:advertisement:4105:search=true,download=true:
20241120-232326.839| rx-> :jz75@pc7-007-l.cs.st-andrews.ac.uk:1732145006838:20241120-232326.838:advertisement:4105:search=true,download=true:
20241120-232326.889| tx-> :jz75@pc7-005-l.cs.st-andrews.ac.uk:1732145006889:20241120-232326.889:advertisement:4105:search=true,download=true:
20241120-232327.839| rx-> :jz75@pc7-007-l.cs.st-andrews.ac.uk:1732145007838:20241120-232327.838:advertisement:4105:search=true,download=true:
20241120-232327.889| tx-> :jz75@pc7-005-l.cs.st-andrews.ac.uk:1732145007889:20241120-232327.889:advertisement:4105:search=true,download=true:
20241120-232328.839| rx-> :jz75@pc7-007-l.cs.st-andrews.ac.uk:1732145008838:20241120-232328.838:advertisement:4105:search=true,download=true:
20241120-232328.889| tx-> :jz75@pc7-005-l.cs.st-andrews.ac.uk:1732145008889:20241120-232328.889:advertisement:4105:search=true,download=true:
20241120-232329.839| rx-> :jz75@pc7-007-l.cs.st-andrews.ac.uk:1732145009838:20241120-232329.838:advertisement:4105:search=true,download=true:
20241120-232329.891| tx-> :jz75@pc7-005-l.cs.st-andrews.ac.uk:1732145009891:20241120-232329.891:advertisement:4105:search=true,download=true:
20241120-232330.839| rx-> :jz75@pc7-007-l.cs.st-andrews.ac.uk:1732145010838:20241120-232330.838:advertisement:4105:search=true,download=true:
20241120-232330.889| tx-> :jz75@pc7-005-l.cs.st-andrews.ac.uk:1732145010889:20241120-232330.889:advertisement:4105:search=true,download=true:
20241120-232331.840| rx-> :jz75@pc7-007-l.cs.st-andrews.ac.uk:1732145011839:20241120-232331.839:advertisement:4105:search=true,download=true:
20241120-232331.889| tx-> :jz75@pc7-005-l.cs.st-andrews.ac.uk:1732145011889:20241120-232331.888:advertisement:4105:search=true,download=true:
20241120-232332.839| rx-> :jz75@pc7-007-l.cs.st-andrews.ac.uk:1732145012838:20241120-232332.838:advertisement:4105:search=true,download=true:
20241120-232332.889| tx-> :jz75@pc7-005-l.cs.st-andrews.ac.uk:1732145012889:20241120-232332.889:advertisement:4105:search=true,download=true:
20241120-232332.945| rx-> :jz75@pc7-033-l.cs.st-andrews.ac.uk:1732145012928:20241120-232332.928:advertisement:4105:search=true,download=false:
20241120-232333.839| rx-> :jz75@pc7-007-l.cs.st-andrews.ac.uk:1732145013838:20241120-232333.838:advertisement:4105:search=true,download=true:
20241120-232333.889| tx-> :jz75@pc7-005-l.cs.st-andrews.ac.uk:1732145013889:20241120-232333.889:advertisement:4105:search=true,download=true:
20241120-232333.930| rx-> :jz75@pc7-033-l.cs.st-andrews.ac.uk:1732145013929:20241120-232333.928:advertisement:4105:search=true,download=false:
20241120-232334.839| rx-> :jz75@pc7-007-l.cs.st-andrews.ac.uk:1732145014838:20241120-232334.838:advertisement:4105:search=true,download=true:
20241120-232334.889| tx-> :jz75@pc7-005-l.cs.st-andrews.ac.uk:1732145014889:20241120-232334.888:advertisement:4105:search=true,download=true:
20241120-232334.929| rx-> :jz75@pc7-033-l.cs.st-andrews.ac.uk:1732145014928:20241120-232334.928:advertisement:4105:search=true,download=false:
20241120-232335.839| rx-> :jz75@pc7-007-l.cs.st-andrews.ac.uk:1732145015838:20241120-232335.838:advertisement:4105:search=true,download=true:
20241120-232335.891| tx-> :jz75@pc7-005-l.cs.st-andrews.ac.uk:1732145015891:20241120-232335.891:advertisement:4105:search=true,download=true:
20241120-232335.930| rx-> :jz75@pc7-033-l.cs.st-andrews.ac.uk:1732145015929:20241120-232335.928:advertisement:4105:search=true,download=false:
20241120-232336.839| rx-> :jz75@pc7-007-l.cs.st-andrews.ac.uk:1732145016838:20241120-232336.838:advertisement:4105:search=true,download=true:
20241120-232336.889| tx-> :jz75@pc7-005-l.cs.st-andrews.ac.uk:1732145016889:20241120-232336.888:advertisement:4105:search=true,download=true:
20241120-232336.929| rx-> :jz75@pc7-033-l.cs.st-andrews.ac.uk:1732145016929:20241120-232336.928:advertisement:4105:search=true,download=false:
20241120-232337.841| rx-> :jz75@pc7-007-l.cs.st-andrews.ac.uk:1732145017840:20241120-232337.840:advertisement:4105:search=true,download=true:
20241120-232337.889| tx-> :jz75@pc7-005-l.cs.st-andrews.ac.uk:1732145017889:20241120-232337.888:advertisement:4105:search=true,download=true:
20241120-232337.932| rx-> :jz75@pc7-033-l.cs.st-andrews.ac.uk:1732145017931:20241120-232337.931:advertisement:4105:search=true,download=false:
20241120-232338.839| rx-> :jz75@pc7-007-l.cs.st-andrews.ac.uk:1732145018838:20241120-232338.838:advertisement:4105:search=true,download=true:
20241120-232338.889| tx-> :jz75@pc7-005-l.cs.st-andrews.ac.uk:1732145018889:20241120-232338.889:advertisement:4105:search=true,download=true:
20241120-232338.929| rx-> :jz75@pc7-033-l.cs.st-andrews.ac.uk:1732145018928:20241120-232338.928:advertisement:4105:search=true,download=false:
20241120-232339.839| rx-> :jz75@pc7-007-l.cs.st-andrews.ac.uk:1732145019838:20241120-232339.838:advertisement:4105:search=true,download=true:
20241120-232339.889| tx-> :jz75@pc7-005-l.cs.st-andrews.ac.uk:1732145019889:20241120-232339.889:advertisement:4105:search=true,download=true:
20241120-232339.928| rx-> :jz75@pc7-033-l.cs.st-andrews.ac.uk:1732145019928:20241120-232339.928:advertisement:4105:search=true,download=false:
20241120-232340.839| rx-> :jz75@pc7-007-l.cs.st-andrews.ac.uk:1732145020838:20241120-232340.838:advertisement:4105:search=true,download=true:
20241120-232340.889| tx-> :jz75@pc7-005-l.cs.st-andrews.ac.uk:1732145020889:20241120-232340.888:advertisement:4105:search=true,download=true:
20241120-232340.929| rx-> :jz75@pc7-033-l.cs.st-andrews.ac.uk:1732145020928:20241120-232340.928:advertisement:4105:search=true,download=false:
20241120-232341.839| rx-> :jz75@pc7-007-l.cs.st-andrews.ac.uk:1732145021838:20241120-232341.838:advertisement:4105:search=true,download=true:
20241120-232341.891| tx-> :jz75@pc7-005-l.cs.st-andrews.ac.uk:1732145021891:20241120-232341.891:advertisement:4105:search=true,download=true:
20241120-232341.929| rx-> :jz75@pc7-033-l.cs.st-andrews.ac.uk:1732145021928:20241120-232341.928:advertisement:4105:search=true,download=false:
20241120-232342.839| rx-> :jz75@pc7-007-l.cs.st-andrews.ac.uk:1732145022838:20241120-232342.838:advertisement:4105:search=true,download=true:
20241120-232342.889| tx-> :jz75@pc7-005-l.cs.st-andrews.ac.uk:1732145022888:20241120-232342.888:advertisement:4105:search=true,download=true:
20241120-232342.929| rx-> :jz75@pc7-033-l.cs.st-andrews.ac.uk:1732145022928:20241120-232342.928:advertisement:4105:search=true,download=false:
20241120-232343.841| rx-> :jz75@pc7-007-l.cs.st-andrews.ac.uk:1732145023840:20241120-232343.840:advertisement:4105:search=true,download=true:
20241120-232343.889| tx-> :jz75@pc7-005-l.cs.st-andrews.ac.uk:1732145023889:20241120-232343.888:advertisement:4105:search=true,download=true:
20241120-232343.931| rx-> :jz75@pc7-033-l.cs.st-andrews.ac.uk:1732145023930:20241120-232343.930:advertisement:4105:search=true,download=false:
20241120-232344.838| rx-> :jz75@pc7-007-l.cs.st-andrews.ac.uk:1732145024838:20241120-232344.838:advertisement:4105:search=true,download=true:
20241120-232344.889| tx-> :jz75@pc7-005-l.cs.st-andrews.ac.uk:1732145024889:20241120-232344.888:advertisement:4105:search=true,download=true:
20241120-232344.929| rx-> :jz75@pc7-033-l.cs.st-andrews.ac.uk:1732145024928:20241120-232344.928:advertisement:4105:search=true,download=false:
20241120-232345.839| rx-> :jz75@pc7-007-l.cs.st-andrews.ac.uk:1732145025838:20241120-232345.838:advertisement:4105:search=true,download=true:
20241120-232345.889| tx-> :jz75@pc7-005-l.cs.st-andrews.ac.uk:1732145025889:20241120-232345.888:advertisement:4105:search=true,download=true:
20241120-232345.929| rx-> :jz75@pc7-033-l.cs.st-andrews.ac.uk:1732145025928:20241120-232345.928:advertisement:4105:search=true,download=false:
20241120-232346.839| rx-> :jz75@pc7-007-l.cs.st-andrews.ac.uk:1732145026838:20241120-232346.838:advertisement:4105:search=true,download=true:
20241120-232346.889| tx-> :jz75@pc7-005-l.cs.st-andrews.ac.uk:1732145026889:20241120-232346.888:advertisement:4105:search=true,download=true:
20241120-232346.929| rx-> :jz75@pc7-033-l.cs.st-andrews.ac.uk:1732145026928:20241120-232346.928:advertisement:4105:search=true,download=false:
20241120-232347.838| rx-> :jz75@pc7-007-l.cs.st-andrews.ac.uk:1732145027837:20241120-232347.837:advertisement:4105:search=true,download=true:
20241120-232347.891| tx-> :jz75@pc7-005-l.cs.st-andrews.ac.uk:1732145027891:20241120-232347.890:advertisement:4105:search=true,download=true:
20241120-232347.929| rx-> :jz75@pc7-033-l.cs.st-andrews.ac.uk:1732145027928:20241120-232347.928:advertisement:4105:search=true,download=false:
20241120-232348.838| rx-> :jz75@pc7-007-l.cs.st-andrews.ac.uk:1732145028838:20241120-232348.838:advertisement:4105:search=true,download=true:
20241120-232348.889| tx-> :jz75@pc7-005-l.cs.st-andrews.ac.uk:1732145028889:20241120-232348.888:advertisement:4105:search=true,download=true:
20241120-232348.929| rx-> :jz75@pc7-033-l.cs.st-andrews.ac.uk:1732145028928:20241120-232348.928:advertisement:4105:search=true,download=false:
20241120-232349.841| rx-> :jz75@pc7-007-l.cs.st-andrews.ac.uk:1732145029840:20241120-232349.840:advertisement:4105:search=true,download=true:
20241120-232349.889| tx-> :jz75@pc7-005-l.cs.st-andrews.ac.uk:1732145029889:20241120-232349.888:advertisement:4105:search=true,download=true:
20241120-232349.930| rx-> :jz75@pc7-033-l.cs.st-andrews.ac.uk:1732145029929:20241120-232349.929:advertisement:4105:search=true,download=false:
20241120-232350.839| rx-> :jz75@pc7-007-l.cs.st-andrews.ac.uk:1732145030838:20241120-232350.838:advertisement:4105:search=true,download=true:
20241120-232350.889| tx-> :jz75@pc7-005-l.cs.st-andrews.ac.uk:1732145030889:20241120-232350.888:advertisement:4105:search=true,download=true:
20241120-232350.929| rx-> :jz75@pc7-033-l.cs.st-andrews.ac.uk:1732145030928:20241120-232350.928:advertisement:4105:search=true,download=false:
20241120-232351.839| rx-> :jz75@pc7-007-l.cs.st-andrews.ac.uk:1732145031838:20241120-232351.838:advertisement:4105:search=true,download=true:
20241120-232351.889| tx-> :jz75@pc7-005-l.cs.st-andrews.ac.uk:1732145031889:20241120-232351.888:advertisement:4105:search=true,download=true:
20241120-232351.929| rx-> :jz75@pc7-033-l.cs.st-andrews.ac.uk:1732145031928:20241120-232351.928:advertisement:4105:search=true,download=false:
20241120-232352.838| rx-> :jz75@pc7-007-l.cs.st-andrews.ac.uk:1732145032838:20241120-232352.838:advertisement:4105:search=true,download=true:
20241120-232352.889| tx-> :jz75@pc7-005-l.cs.st-andrews.ac.uk:1732145032888:20241120-232352.888:advertisement:4105:search=true,download=true:
20241120-232352.929| rx-> :jz75@pc7-033-l.cs.st-andrews.ac.uk:1732145032928:20241120-232352.928:advertisement:4105:search=true,download=false:
20241120-232353.838| rx-> :jz75@pc7-007-l.cs.st-andrews.ac.uk:1732145033838:20241120-232353.838:advertisement:4105:search=true,download=true:
20241120-232353.892| tx-> :jz75@pc7-005-l.cs.st-andrews.ac.uk:1732145033892:20241120-232353.891:advertisement:4105:search=true,download=true:
20241120-232353.929| rx-> :jz75@pc7-033-l.cs.st-andrews.ac.uk:1732145033928:20241120-232353.928:advertisement:4105:search=true,download=false:
20241120-232354.838| rx-> :jz75@pc7-007-l.cs.st-andrews.ac.uk:1732145034838:20241120-232354.838:advertisement:4105:search=true,download=true:
20241120-232354.889| tx-> :jz75@pc7-005-l.cs.st-andrews.ac.uk:1732145034889:20241120-232354.888:advertisement:4105:search=true,download=true:
20241120-232354.929| rx-> :jz75@pc7-033-l.cs.st-andrews.ac.uk:1732145034928:20241120-232354.928:advertisement:4105:search=true,download=false:
20241120-232355.842| rx-> :jz75@pc7-007-l.cs.st-andrews.ac.uk:1732145035841:20241120-232355.841:advertisement:4105:search=true,download=true:
20241120-232355.889| tx-> :jz75@pc7-005-l.cs.st-andrews.ac.uk:1732145035888:20241120-232355.888:advertisement:4105:search=true,download=true:
20241120-232355.931| rx-> :jz75@pc7-033-l.cs.st-andrews.ac.uk:1732145035931:20241120-232355.931:advertisement:4105:search=true,download=false:
20241120-232356.838| rx-> :jz75@pc7-007-l.cs.st-andrews.ac.uk:1732145036838:20241120-232356.838:advertisement:4105:search=true,download=true:
20241120-232356.889| tx-> :jz75@pc7-005-l.cs.st-andrews.ac.uk:1732145036889:20241120-232356.888:advertisement:4105:search=true,download=true:
20241120-232356.929| rx-> :jz75@pc7-033-l.cs.st-andrews.ac.uk:1732145036928:20241120-232356.928:advertisement:4105:search=true,download=false:
20241120-232357.838| rx-> :jz75@pc7-007-l.cs.st-andrews.ac.uk:1732145037838:20241120-232357.838:advertisement:4105:search=true,download=true:
20241120-232357.889| tx-> :jz75@pc7-005-l.cs.st-andrews.ac.uk:1732145037888:20241120-232357.888:advertisement:4105:search=true,download=true:
20241120-232357.928| rx-> :jz75@pc7-033-l.cs.st-andrews.ac.uk:1732145037928:20241120-232357.928:advertisement:4105:search=true,download=false:
20241120-232358.838| rx-> :jz75@pc7-007-l.cs.st-andrews.ac.uk:1732145038837:20241120-232358.837:advertisement:4105:search=true,download=true:
20241120-232358.888| tx-> :jz75@pc7-005-l.cs.st-andrews.ac.uk:1732145038888:20241120-232358.888:advertisement:4105:search=true,download=true:
20241120-232358.929| rx-> :jz75@pc7-033-l.cs.st-andrews.ac.uk:1732145038928:20241120-232358.928:advertisement:4105:search=true,download=false:
20241120-233329.600| -* logFile=logs/jz75@pc7-005-l.cs.st-andrews.ac.uk.log
20241120-233329.600| -* id=jz75@pc7-005-l.cs.st-andrews.ac.uk
20241120-233329.601| -* rootDir=root_dir
20241120-233329.601| -* mAddr6=ff02::4105:4105
20241120-233329.602| -* mPort=4105
20241120-233329.603| -* mTTL=2
20241120-233329.603| -* loopback=true
20241120-233329.603| -* reuseAddr=false
20241120-233329.603| -* soTimeout=10
20241120-233329.603| -* sleepTime=1000
20241120-233329.603| -* maximumMessageSize=1400
20241120-233329.603| -* maximumAdvertisementPeriod=1000
20241120-233329.603| -* search=true
20241120-233329.604| -* download=false
20241120-233329.629| using interface enp3s0
20241120-233329.631| Multicast Endpoint Created : ff02::4105:4105:4105
20241120-233329.631| joined IPv6 multicast group /[ff02:0:0:0:0:0:4105:4105]:4105
20241120-233329.631| jz75@pc7-005-l.cs.st-andrews.ac.uk Joined Multicast Group
20241120-233329.648| tx-> :jz75@pc7-005-l.cs.st-andrews.ac.uk:1732145609637:20241120-233329.637:advertisement:4105:search=true,download=false:
20241120-233329.893| rx-> :jz75@pc7-007-l.cs.st-andrews.ac.uk:1732145609891:20241120-233329.891:advertisement:4105:search=true,download=false:
20241120-233330.638| tx-> :jz75@pc7-005-l.cs.st-andrews.ac.uk:1732145610637:20241120-233330.637:advertisement:4105:search=true,download=false:
20241120-233330.893| rx-> :jz75@pc7-007-l.cs.st-andrews.ac.uk:1732145610891:20241120-233330.891:advertisement:4105:search=true,download=false:
20241120-233331.637| tx-> :jz75@pc7-005-l.cs.st-andrews.ac.uk:1732145611637:20241120-233331.637:advertisement:4105:search=true,download=false:
20241120-233331.892| rx-> :jz75@pc7-007-l.cs.st-andrews.ac.uk:1732145611891:20241120-233331.891:advertisement:4105:search=true,download=false:
20241120-233332.637| tx-> :jz75@pc7-005-l.cs.st-andrews.ac.uk:1732145612637:20241120-233332.637:advertisement:4105:search=true,download=false:
20241120-233332.895| rx-> :jz75@pc7-007-l.cs.st-andrews.ac.uk:1732145612894:20241120-233332.894:advertisement:4105:search=true,download=false:
20241120-233333.637| tx-> :jz75@pc7-005-l.cs.st-andrews.ac.uk:1732145613637:20241120-233333.637:advertisement:4105:search=true,download=false:
20241120-233333.893| rx-> :jz75@pc7-007-l.cs.st-andrews.ac.uk:1732145613891:20241120-233333.891:advertisement:4105:search=true,download=false:
20241120-233334.640| tx-> :jz75@pc7-005-l.cs.st-andrews.ac.uk:1732145614640:20241120-233334.640:advertisement:4105:search=true,download=false:
20241120-233334.892| rx-> :jz75@pc7-007-l.cs.st-andrews.ac.uk:1732145614891:20241120-233334.891:advertisement:4105:search=true,download=false:
20241120-233335.637| tx-> :jz75@pc7-005-l.cs.st-andrews.ac.uk:1732145615637:20241120-233335.637:advertisement:4105:search=true,download=false:
20241120-233335.892| rx-> :jz75@pc7-007-l.cs.st-andrews.ac.uk:1732145615891:20241120-233335.891:advertisement:4105:search=true,download=false:
20241120-233336.637| tx-> :jz75@pc7-005-l.cs.st-andrews.ac.uk:1732145616637:20241120-233336.637:advertisement:4105:search=true,download=false:
20241120-233336.892| rx-> :jz75@pc7-007-l.cs.st-andrews.ac.uk:1732145616891:20241120-233336.891:advertisement:4105:search=true,download=false:
20241120-233337.637| tx-> :jz75@pc7-005-l.cs.st-andrews.ac.uk:1732145617637:20241120-233337.637:advertisement:4105:search=true,download=false:
20241120-233337.892| rx-> :jz75@pc7-007-l.cs.st-andrews.ac.uk:1732145617891:20241120-233337.891:advertisement:4105:search=true,download=false:
20241120-233338.637| tx-> :jz75@pc7-005-l.cs.st-andrews.ac.uk:1732145618637:20241120-233338.637:advertisement:4105:search=true,download=false:
20241120-233338.895| rx-> :jz75@pc7-007-l.cs.st-andrews.ac.uk:1732145618894:20241120-233338.894:advertisement:4105:search=true,download=false:
20241120-233339.637| tx-> :jz75@pc7-005-l.cs.st-andrews.ac.uk:1732145619637:20241120-233339.637:advertisement:4105:search=true,download=false:
20241120-233339.892| rx-> :jz75@pc7-007-l.cs.st-andrews.ac.uk:1732145619892:20241120-233339.891:advertisement:4105:search=true,download=false:
20241120-233340.640| tx-> :jz75@pc7-005-l.cs.st-andrews.ac.uk:1732145620640:20241120-233340.639:advertisement:4105:search=true,download=false:
20241120-233340.892| rx-> :jz75@pc7-007-l.cs.st-andrews.ac.uk:1732145620891:20241120-233340.891:advertisement:4105:search=true,download=false:
20241120-233341.638| tx-> :jz75@pc7-005-l.cs.st-andrews.ac.uk:1732145621637:20241120-233341.637:advertisement:4105:search=true,download=false:
20241120-233341.893| rx-> :jz75@pc7-007-l.cs.st-andrews.ac.uk:1732145621891:20241120-233341.891:advertisement:4105:search=true,download=false:
20241120-233342.638| tx-> :jz75@pc7-005-l.cs.st-andrews.ac.uk:1732145622637:20241120-233342.637:advertisement:4105:search=true,download=false:
20241120-233342.892| rx-> :jz75@pc7-007-l.cs.st-andrews.ac.uk:1732145622891:20241120-233342.891:advertisement:4105:search=true,download=false:
20241120-233343.638| tx-> :jz75@pc7-005-l.cs.st-andrews.ac.uk:1732145623637:20241120-233343.637:advertisement:4105:search=true,download=false:
20241120-233343.892| rx-> :jz75@pc7-007-l.cs.st-andrews.ac.uk:1732145623891:20241120-233343.891:advertisement:4105:search=true,download=false:
20241120-233344.637| tx-> :jz75@pc7-005-l.cs.st-andrews.ac.uk:1732145624637:20241120-233344.637:advertisement:4105:search=true,download=false:
20241120-233344.894| rx-> :jz75@pc7-007-l.cs.st-andrews.ac.uk:1732145624893:20241120-233344.893:advertisement:4105:search=true,download=false:
20241120-233345.637| tx-> :jz75@pc7-005-l.cs.st-andrews.ac.uk:1732145625637:20241120-233345.637:advertisement:4105:search=true,download=false:
20241120-233345.892| rx-> :jz75@pc7-007-l.cs.st-andrews.ac.uk:1732145625891:20241120-233345.891:advertisement:4105:search=true,download=false:
20241120-233346.639| tx-> :jz75@pc7-005-l.cs.st-andrews.ac.uk:1732145626639:20241120-233346.639:advertisement:4105:search=true,download=false:
20241120-233346.892| rx-> :jz75@pc7-007-l.cs.st-andrews.ac.uk:1732145626891:20241120-233346.891:advertisement:4105:search=true,download=false:
20241120-233347.637| tx-> :jz75@pc7-005-l.cs.st-andrews.ac.uk:1732145627637:20241120-233347.637:advertisement:4105:search=true,download=false:
20241120-233347.892| rx-> :jz75@pc7-007-l.cs.st-andrews.ac.uk:1732145627891:20241120-233347.891:advertisement:4105:search=true,download=false:
20241120-233348.637| tx-> :jz75@pc7-005-l.cs.st-andrews.ac.uk:1732145628637:20241120-233348.637:advertisement:4105:search=true,download=false:
20241120-233348.892| rx-> :jz75@pc7-007-l.cs.st-andrews.ac.uk:1732145628891:20241120-233348.891:advertisement:4105:search=true,download=false:
20241120-233349.637| tx-> :jz75@pc7-005-l.cs.st-andrews.ac.uk:1732145629637:20241120-233349.637:advertisement:4105:search=true,download=false:
20241120-233349.892| rx-> :jz75@pc7-007-l.cs.st-andrews.ac.uk:1732145629891:20241120-233349.891:advertisement:4105:search=true,download=false:
20241120-233350.637| tx-> :jz75@pc7-005-l.cs.st-andrews.ac.uk:1732145630637:20241120-233350.637:advertisement:4105:search=true,download=false:
20241120-233350.894| rx-> :jz75@pc7-007-l.cs.st-andrews.ac.uk:1732145630894:20241120-233350.893:advertisement:4105:search=true,download=false:
20241120-233351.637| tx-> :jz75@pc7-005-l.cs.st-andrews.ac.uk:1732145631637:20241120-233351.637:advertisement:4105:search=true,download=false:
20241120-233351.892| rx-> :jz75@pc7-007-l.cs.st-andrews.ac.uk:1732145631891:20241120-233351.891:advertisement:4105:search=true,download=false:
20241120-233352.640| tx-> :jz75@pc7-005-l.cs.st-andrews.ac.uk:1732145632639:20241120-233352.639:advertisement:4105:search=true,download=false:
20241120-233352.892| rx-> :jz75@pc7-007-l.cs.st-andrews.ac.uk:1732145632891:20241120-233352.891:advertisement:4105:search=true,download=false:
