20241120-231136.515| -* logFile=logs/jz75@pc7-033-l.cs.st-andrews.ac.uk.log
20241120-231136.515| -* id=jz75@pc7-033-l.cs.st-andrews.ac.uk
20241120-231136.546| -* rootDir=root_dir
20241120-231136.548| -* mAddr6=ff02::4105:4105
20241120-231136.557| -* mPort=4105
20241120-231136.558| -* mTTL=2
20241120-231136.561| -* loopback=true
20241120-231136.562| -* reuseAddr=false
20241120-231136.565| -* soTimeout=10
20241120-231136.567| -* sleepTime=1000
20241120-231136.570| -* maximumMessageSize=1400
20241120-231136.571| -* maximumAdvertisementPeriod=1000
20241120-231136.575| -* search=true
20241120-231136.577| -* download=true
20241120-231136.628| using interface enp3s0
20241120-231136.632| Multicast Endpoint Created : ff02::4105:4105:4105
20241120-231136.633| joined IPv6 multicast group /[ff02:0:0:0:0:0:4105:4105]:4105
20241120-231136.635| jz75@pc7-033-l.cs.st-andrews.ac.uk Joined Multicast Group
20241120-231136.655| tx-> :jz75@pc7-033-l.cs.st-andrews.ac.uk:1732144296643:20241120-231136.643:advertisement:4105:search=true,download=true:
20241120-231137.643| tx-> :jz75@pc7-033-l.cs.st-andrews.ac.uk:1732144297643:20241120-231137.643:advertisement:4105:search=true,download=true:
20241120-231138.643| tx-> :jz75@pc7-033-l.cs.st-andrews.ac.uk:1732144298643:20241120-231138.643:advertisement:4105:search=true,download=true:
20241120-231139.643| tx-> :jz75@pc7-033-l.cs.st-andrews.ac.uk:1732144299643:20241120-231139.643:advertisement:4105:search=true,download=true:
20241120-231140.643| tx-> :jz75@pc7-033-l.cs.st-andrews.ac.uk:1732144300643:20241120-231140.643:advertisement:4105:search=true,download=true:
20241120-231141.645| tx-> :jz75@pc7-033-l.cs.st-andrews.ac.uk:1732144301645:20241120-231141.645:advertisement:4105:search=true,download=true:
20241120-231141.854| rx-> :jz75@pc7-005-l.cs.st-andrews.ac.uk:1732144301841:20241120-231141.841:advertisement:4105:search=true,download=true:
20241120-231142.643| tx-> :jz75@pc7-033-l.cs.st-andrews.ac.uk:1732144302642:20241120-231142.642:advertisement:4105:search=true,download=true:
20241120-231142.842| rx-> :jz75@pc7-005-l.cs.st-andrews.ac.uk:1732144302841:20241120-231142.841:advertisement:4105:search=true,download=true:
20241120-231143.465| rx-> :jz75@pc7-007-l.cs.st-andrews.ac.uk:1732144303453:20241120-231143.453:advertisement:4105:search=true,download=true:
20241120-231143.643| tx-> :jz75@pc7-033-l.cs.st-andrews.ac.uk:1732144303643:20241120-231143.643:advertisement:4105:search=true,download=true:
20241120-231143.842| rx-> :jz75@pc7-005-l.cs.st-andrews.ac.uk:1732144303841:20241120-231143.841:advertisement:4105:search=true,download=true:
20241120-231144.455| rx-> :jz75@pc7-007-l.cs.st-andrews.ac.uk:1732144304454:20241120-231144.454:advertisement:4105:search=true,download=true:
20241120-231144.643| tx-> :jz75@pc7-033-l.cs.st-andrews.ac.uk:1732144304643:20241120-231144.643:advertisement:4105:search=true,download=true:
20241120-231144.842| rx-> :jz75@pc7-005-l.cs.st-andrews.ac.uk:1732144304841:20241120-231144.841:advertisement:4105:search=true,download=true:
20241120-231145.455| rx-> :jz75@pc7-007-l.cs.st-andrews.ac.uk:1732144305454:20241120-231145.454:advertisement:4105:search=true,download=true:
20241120-231145.643| tx-> :jz75@pc7-033-l.cs.st-andrews.ac.uk:1732144305643:20241120-231145.643:advertisement:4105:search=true,download=true:
20241120-231145.842| rx-> :jz75@pc7-005-l.cs.st-andrews.ac.uk:1732144305841:20241120-231145.841:advertisement:4105:search=true,download=true:
20241120-231146.454| rx-> :jz75@pc7-007-l.cs.st-andrews.ac.uk:1732144306454:20241120-231146.454:advertisement:4105:search=true,download=true:
20241120-231146.643| tx-> :jz75@pc7-033-l.cs.st-andrews.ac.uk:1732144306643:20241120-231146.643:advertisement:4105:search=true,download=true:
20241120-231146.845| rx-> :jz75@pc7-005-l.cs.st-andrews.ac.uk:1732144306844:20241120-231146.844:advertisement:4105:search=true,download=true:
20241120-231147.454| rx-> :jz75@pc7-007-l.cs.st-andrews.ac.uk:1732144307454:20241120-231147.454:advertisement:4105:search=true,download=true:
20241120-231147.646| tx-> :jz75@pc7-033-l.cs.st-andrews.ac.uk:1732144307645:20241120-231147.645:advertisement:4105:search=true,download=true:
20241120-231147.842| rx-> :jz75@pc7-005-l.cs.st-andrews.ac.uk:1732144307841:20241120-231147.841:advertisement:4105:search=true,download=true:
20241120-231148.457| rx-> :jz75@pc7-007-l.cs.st-andrews.ac.uk:1732144308456:20241120-231148.456:advertisement:4105:search=true,download=true:
20241120-231148.643| tx-> :jz75@pc7-033-l.cs.st-andrews.ac.uk:1732144308643:20241120-231148.643:advertisement:4105:search=true,download=true:
20241120-231148.842| rx-> :jz75@pc7-005-l.cs.st-andrews.ac.uk:1732144308841:20241120-231148.841:advertisement:4105:search=true,download=true:
20241120-231149.455| rx-> :jz75@pc7-007-l.cs.st-andrews.ac.uk:1732144309454:20241120-231149.454:advertisement:4105:search=true,download=true:
20241120-231149.643| tx-> :jz75@pc7-033-l.cs.st-andrews.ac.uk:1732144309643:20241120-231149.643:advertisement:4105:search=true,download=true:
20241120-231149.842| rx-> :jz75@pc7-005-l.cs.st-andrews.ac.uk:1732144309841:20241120-231149.841:advertisement:4105:search=true,download=true:
20241120-231150.455| rx-> :jz75@pc7-007-l.cs.st-andrews.ac.uk:1732144310454:20241120-231150.453:advertisement:4105:search=true,download=true:
20241120-231150.643| tx-> :jz75@pc7-033-l.cs.st-andrews.ac.uk:1732144310642:20241120-231150.642:advertisement:4105:search=true,download=true:
20241120-231150.842| rx-> :jz75@pc7-005-l.cs.st-andrews.ac.uk:1732144310841:20241120-231150.841:advertisement:4105:search=true,download=true:
20241120-231151.455| rx-> :jz75@pc7-007-l.cs.st-andrews.ac.uk:1732144311454:20241120-231151.454:advertisement:4105:search=true,download=true:
20241120-231151.643| tx-> :jz75@pc7-033-l.cs.st-andrews.ac.uk:1732144311643:20241120-231151.643:advertisement:4105:search=true,download=true:
20241120-231151.842| rx-> :jz75@pc7-005-l.cs.st-andrews.ac.uk:1732144311841:20241120-231151.841:advertisement:4105:search=true,download=true:
20241120-231152.455| rx-> :jz75@pc7-007-l.cs.st-andrews.ac.uk:1732144312454:20241120-231152.454:advertisement:4105:search=true,download=true:
20241120-231152.643| tx-> :jz75@pc7-033-l.cs.st-andrews.ac.uk:1732144312643:20241120-231152.643:advertisement:4105:search=true,download=true:
20241120-231152.844| rx-> :jz75@pc7-005-l.cs.st-andrews.ac.uk:1732144312843:20241120-231152.843:advertisement:4105:search=true,download=true:
20241120-231153.455| rx-> :jz75@pc7-007-l.cs.st-andrews.ac.uk:1732144313454:20241120-231153.454:advertisement:4105:search=true,download=true:
20241120-231153.644| tx-> :jz75@pc7-033-l.cs.st-andrews.ac.uk:1732144313644:20241120-231153.644:advertisement:4105:search=true,download=true:
20241120-231153.841| rx-> :jz75@pc7-005-l.cs.st-andrews.ac.uk:1732144313841:20241120-231153.841:advertisement:4105:search=true,download=true:
20241120-231154.457| rx-> :jz75@pc7-007-l.cs.st-andrews.ac.uk:1732144314456:20241120-231154.456:advertisement:4105:search=true,download=true:
20241120-231154.643| tx-> :jz75@pc7-033-l.cs.st-andrews.ac.uk:1732144314643:20241120-231154.643:advertisement:4105:search=true,download=true:
20241120-231154.842| rx-> :jz75@pc7-005-l.cs.st-andrews.ac.uk:1732144314841:20241120-231154.841:advertisement:4105:search=true,download=true:
20241120-231155.455| rx-> :jz75@pc7-007-l.cs.st-andrews.ac.uk:1732144315454:20241120-231155.453:advertisement:4105:search=true,download=true:
20241120-231155.643| tx-> :jz75@pc7-033-l.cs.st-andrews.ac.uk:1732144315643:20241120-231155.643:advertisement:4105:search=true,download=true:
20241120-231155.842| rx-> :jz75@pc7-005-l.cs.st-andrews.ac.uk:1732144315841:20241120-231155.841:advertisement:4105:search=true,download=true:
20241120-231156.455| rx-> :jz75@pc7-007-l.cs.st-andrews.ac.uk:1732144316454:20241120-231156.453:advertisement:4105:search=true,download=true:
20241120-231156.643| tx-> :jz75@pc7-033-l.cs.st-andrews.ac.uk:1732144316643:20241120-231156.643:advertisement:4105:search=true,download=true:
20241120-231156.842| rx-> :jz75@pc7-005-l.cs.st-andrews.ac.uk:1732144316841:20241120-231156.841:advertisement:4105:search=true,download=true:
20241120-231157.643| tx-> :jz75@pc7-033-l.cs.st-andrews.ac.uk:1732144317643:20241120-231157.643:advertisement:4105:search=true,download=true:
20241120-231157.842| rx-> :jz75@pc7-005-l.cs.st-andrews.ac.uk:1732144317841:20241120-231157.841:advertisement:4105:search=true,download=true:
20241120-231158.642| tx-> :jz75@pc7-033-l.cs.st-andrews.ac.uk:1732144318642:20241120-231158.642:advertisement:4105:search=true,download=true:
20241120-232332.852| -* logFile=logs/jz75@pc7-033-l.cs.st-andrews.ac.uk.log
20241120-232332.852| -* id=jz75@pc7-033-l.cs.st-andrews.ac.uk
20241120-232332.854| -* rootDir=root_dir
20241120-232332.855| -* mAddr6=ff02::4105:4105
20241120-232332.859| -* mPort=4105
20241120-232332.860| -* mTTL=2
20241120-232332.863| -* loopback=true
20241120-232332.864| -* reuseAddr=false
20241120-232332.866| -* soTimeout=10
20241120-232332.868| -* sleepTime=1000
20241120-232332.870| -* maximumMessageSize=1400
20241120-232332.873| -* maximumAdvertisementPeriod=1000
20241120-232332.875| -* search=true
20241120-232332.877| -* download=false
20241120-232332.916| using interface enp3s0
20241120-232332.918| Multicast Endpoint Created : ff02::4105:4105:4105
20241120-232332.919| joined IPv6 multicast group /[ff02:0:0:0:0:0:4105:4105]:4105
20241120-232332.919| jz75@pc7-033-l.cs.st-andrews.ac.uk Joined Multicast Group
20241120-232332.945| tx-> :jz75@pc7-033-l.cs.st-andrews.ac.uk:1732145012928:20241120-232332.928:advertisement:4105:search=true,download=false:
20241120-232333.840| rx-> :jz75@pc7-007-l.cs.st-andrews.ac.uk:1732145013838:20241120-232333.838:advertisement:4105:search=true,download=true:
20241120-232333.890| rx-> :jz75@pc7-005-l.cs.st-andrews.ac.uk:1732145013889:20241120-232333.889:advertisement:4105:search=true,download=true:
20241120-232333.929| tx-> :jz75@pc7-033-l.cs.st-andrews.ac.uk:1732145013929:20241120-232333.928:advertisement:4105:search=true,download=false:
20241120-232334.839| rx-> :jz75@pc7-007-l.cs.st-andrews.ac.uk:1732145014838:20241120-232334.838:advertisement:4105:search=true,download=true:
20241120-232334.890| rx-> :jz75@pc7-005-l.cs.st-andrews.ac.uk:1732145014889:20241120-232334.888:advertisement:4105:search=true,download=true:
20241120-232334.929| tx-> :jz75@pc7-033-l.cs.st-andrews.ac.uk:1732145014928:20241120-232334.928:advertisement:4105:search=true,download=false:
20241120-232335.839| rx-> :jz75@pc7-007-l.cs.st-andrews.ac.uk:1732145015838:20241120-232335.838:advertisement:4105:search=true,download=true:
20241120-232335.892| rx-> :jz75@pc7-005-l.cs.st-andrews.ac.uk:1732145015891:20241120-232335.891:advertisement:4105:search=true,download=true:
20241120-232335.929| tx-> :jz75@pc7-033-l.cs.st-andrews.ac.uk:1732145015929:20241120-232335.928:advertisement:4105:search=true,download=false:
20241120-232336.839| rx-> :jz75@pc7-007-l.cs.st-andrews.ac.uk:1732145016838:20241120-232336.838:advertisement:4105:search=true,download=true:
20241120-232336.890| rx-> :jz75@pc7-005-l.cs.st-andrews.ac.uk:1732145016889:20241120-232336.888:advertisement:4105:search=true,download=true:
20241120-232336.929| tx-> :jz75@pc7-033-l.cs.st-andrews.ac.uk:1732145016929:20241120-232336.928:advertisement:4105:search=true,download=false:
20241120-232337.841| rx-> :jz75@pc7-007-l.cs.st-andrews.ac.uk:1732145017840:20241120-232337.840:advertisement:4105:search=true,download=true:
20241120-232337.889| rx-> :jz75@pc7-005-l.cs.st-andrews.ac.uk:1732145017889:20241120-232337.888:advertisement:4105:search=true,download=true:
20241120-232337.931| tx-> :jz75@pc7-033-l.cs.st-andrews.ac.uk:1732145017931:20241120-232337.931:advertisement:4105:search=true,download=false:
20241120-232338.839| rx-> :jz75@pc7-007-l.cs.st-andrews.ac.uk:1732145018838:20241120-232338.838:advertisement:4105:search=true,download=true:
20241120-232338.889| rx-> :jz75@pc7-005-l.cs.st-andrews.ac.uk:1732145018889:20241120-232338.889:advertisement:4105:search=true,download=true:
20241120-232338.929| tx-> :jz75@pc7-033-l.cs.st-andrews.ac.uk:1732145018928:20241120-232338.928:advertisement:4105:search=true,download=false:
20241120-232339.839| rx-> :jz75@pc7-007-l.cs.st-andrews.ac.uk:1732145019838:20241120-232339.838:advertisement:4105:search=true,download=true:
20241120-232339.890| rx-> :jz75@pc7-005-l.cs.st-andrews.ac.uk:1732145019889:20241120-232339.889:advertisement:4105:search=true,download=true:
20241120-232339.928| tx-> :jz75@pc7-033-l.cs.st-andrews.ac.uk:1732145019928:20241120-232339.928:advertisement:4105:search=true,download=false:
20241120-232340.839| rx-> :jz75@pc7-007-l.cs.st-andrews.ac.uk:1732145020838:20241120-232340.838:advertisement:4105:search=true,download=true:
20241120-232340.889| rx-> :jz75@pc7-005-l.cs.st-andrews.ac.uk:1732145020889:20241120-232340.888:advertisement:4105:search=true,download=true:
20241120-232340.928| tx-> :jz75@pc7-033-l.cs.st-andrews.ac.uk:1732145020928:20241120-232340.928:advertisement:4105:search=true,download=false:
20241120-232341.839| rx-> :jz75@pc7-007-l.cs.st-andrews.ac.uk:1732145021838:20241120-232341.838:advertisement:4105:search=true,download=true:
20241120-232341.892| rx-> :jz75@pc7-005-l.cs.st-andrews.ac.uk:1732145021891:20241120-232341.891:advertisement:4105:search=true,download=true:
20241120-232341.929| tx-> :jz75@pc7-033-l.cs.st-andrews.ac.uk:1732145021928:20241120-232341.928:advertisement:4105:search=true,download=false:
20241120-232342.839| rx-> :jz75@pc7-007-l.cs.st-andrews.ac.uk:1732145022838:20241120-232342.838:advertisement:4105:search=true,download=true:
20241120-232342.889| rx-> :jz75@pc7-005-l.cs.st-andrews.ac.uk:1732145022888:20241120-232342.888:advertisement:4105:search=true,download=true:
20241120-232342.928| tx-> :jz75@pc7-033-l.cs.st-andrews.ac.uk:1732145022928:20241120-232342.928:advertisement:4105:search=true,download=false:
20241120-232343.841| rx-> :jz75@pc7-007-l.cs.st-andrews.ac.uk:1732145023840:20241120-232343.840:advertisement:4105:search=true,download=true:
20241120-232343.889| rx-> :jz75@pc7-005-l.cs.st-andrews.ac.uk:1732145023889:20241120-232343.888:advertisement:4105:search=true,download=true:
20241120-232343.931| tx-> :jz75@pc7-033-l.cs.st-andrews.ac.uk:1732145023930:20241120-232343.930:advertisement:4105:search=true,download=false:
20241120-232344.839| rx-> :jz75@pc7-007-l.cs.st-andrews.ac.uk:1732145024838:20241120-232344.838:advertisement:4105:search=true,download=true:
20241120-232344.889| rx-> :jz75@pc7-005-l.cs.st-andrews.ac.uk:1732145024889:20241120-232344.888:advertisement:4105:search=true,download=true:
20241120-232344.929| tx-> :jz75@pc7-033-l.cs.st-andrews.ac.uk:1732145024928:20241120-232344.928:advertisement:4105:search=true,download=false:
20241120-232345.839| rx-> :jz75@pc7-007-l.cs.st-andrews.ac.uk:1732145025838:20241120-232345.838:advertisement:4105:search=true,download=true:
20241120-232345.890| rx-> :jz75@pc7-005-l.cs.st-andrews.ac.uk:1732145025889:20241120-232345.888:advertisement:4105:search=true,download=true:
20241120-232345.929| tx-> :jz75@pc7-033-l.cs.st-andrews.ac.uk:1732145025928:20241120-232345.928:advertisement:4105:search=true,download=false:
20241120-232346.839| rx-> :jz75@pc7-007-l.cs.st-andrews.ac.uk:1732145026838:20241120-232346.838:advertisement:4105:search=true,download=true:
20241120-232346.890| rx-> :jz75@pc7-005-l.cs.st-andrews.ac.uk:1732145026889:20241120-232346.888:advertisement:4105:search=true,download=true:
20241120-232346.929| tx-> :jz75@pc7-033-l.cs.st-andrews.ac.uk:1732145026928:20241120-232346.928:advertisement:4105:search=true,download=false:
20241120-232347.838| rx-> :jz75@pc7-007-l.cs.st-andrews.ac.uk:1732145027837:20241120-232347.837:advertisement:4105:search=true,download=true:
20241120-232347.892| rx-> :jz75@pc7-005-l.cs.st-andrews.ac.uk:1732145027891:20241120-232347.890:advertisement:4105:search=true,download=true:
20241120-232347.929| tx-> :jz75@pc7-033-l.cs.st-andrews.ac.uk:1732145027928:20241120-232347.928:advertisement:4105:search=true,download=false:
20241120-232348.839| rx-> :jz75@pc7-007-l.cs.st-andrews.ac.uk:1732145028838:20241120-232348.838:advertisement:4105:search=true,download=true:
20241120-232348.889| rx-> :jz75@pc7-005-l.cs.st-andrews.ac.uk:1732145028889:20241120-232348.888:advertisement:4105:search=true,download=true:
20241120-232348.929| tx-> :jz75@pc7-033-l.cs.st-andrews.ac.uk:1732145028928:20241120-232348.928:advertisement:4105:search=true,download=false:
20241120-232349.841| rx-> :jz75@pc7-007-l.cs.st-andrews.ac.uk:1732145029840:20241120-232349.840:advertisement:4105:search=true,download=true:
20241120-232349.889| rx-> :jz75@pc7-005-l.cs.st-andrews.ac.uk:1732145029889:20241120-232349.888:advertisement:4105:search=true,download=true:
20241120-232349.930| tx-> :jz75@pc7-033-l.cs.st-andrews.ac.uk:1732145029929:20241120-232349.929:advertisement:4105:search=true,download=false:
20241120-232350.839| rx-> :jz75@pc7-007-l.cs.st-andrews.ac.uk:1732145030838:20241120-232350.838:advertisement:4105:search=true,download=true:
20241120-232350.890| rx-> :jz75@pc7-005-l.cs.st-andrews.ac.uk:1732145030889:20241120-232350.888:advertisement:4105:search=true,download=true:
20241120-232350.929| tx-> :jz75@pc7-033-l.cs.st-andrews.ac.uk:1732145030928:20241120-232350.928:advertisement:4105:search=true,download=false:
20241120-232351.839| rx-> :jz75@pc7-007-l.cs.st-andrews.ac.uk:1732145031838:20241120-232351.838:advertisement:4105:search=true,download=true:
20241120-232351.889| rx-> :jz75@pc7-005-l.cs.st-andrews.ac.uk:1732145031889:20241120-232351.888:advertisement:4105:search=true,download=true:
20241120-232351.929| tx-> :jz75@pc7-033-l.cs.st-andrews.ac.uk:1732145031928:20241120-232351.928:advertisement:4105:search=true,download=false:
20241120-232352.839| rx-> :jz75@pc7-007-l.cs.st-andrews.ac.uk:1732145032838:20241120-232352.838:advertisement:4105:search=true,download=true:
20241120-232352.889| rx-> :jz75@pc7-005-l.cs.st-andrews.ac.uk:1732145032888:20241120-232352.888:advertisement:4105:search=true,download=true:
20241120-232352.929| tx-> :jz75@pc7-033-l.cs.st-andrews.ac.uk:1732145032928:20241120-232352.928:advertisement:4105:search=true,download=false:
20241120-232353.839| rx-> :jz75@pc7-007-l.cs.st-andrews.ac.uk:1732145033838:20241120-232353.838:advertisement:4105:search=true,download=true:
20241120-232353.892| rx-> :jz75@pc7-005-l.cs.st-andrews.ac.uk:1732145033892:20241120-232353.891:advertisement:4105:search=true,download=true:
20241120-232353.929| tx-> :jz75@pc7-033-l.cs.st-andrews.ac.uk:1732145033928:20241120-232353.928:advertisement:4105:search=true,download=false:
20241120-232354.838| rx-> :jz75@pc7-007-l.cs.st-andrews.ac.uk:1732145034838:20241120-232354.838:advertisement:4105:search=true,download=true:
20241120-232354.889| rx-> :jz75@pc7-005-l.cs.st-andrews.ac.uk:1732145034889:20241120-232354.888:advertisement:4105:search=true,download=true:
20241120-232354.929| tx-> :jz75@pc7-033-l.cs.st-andrews.ac.uk:1732145034928:20241120-232354.928:advertisement:4105:search=true,download=false:
20241120-232355.842| rx-> :jz75@pc7-007-l.cs.st-andrews.ac.uk:1732145035841:20241120-232355.841:advertisement:4105:search=true,download=true:
20241120-232355.889| rx-> :jz75@pc7-005-l.cs.st-andrews.ac.uk:1732145035888:20241120-232355.888:advertisement:4105:search=true,download=true:
20241120-232355.931| tx-> :jz75@pc7-033-l.cs.st-andrews.ac.uk:1732145035931:20241120-232355.931:advertisement:4105:search=true,download=false:
20241120-232356.839| rx-> :jz75@pc7-007-l.cs.st-andrews.ac.uk:1732145036838:20241120-232356.838:advertisement:4105:search=true,download=true:
20241120-232356.889| rx-> :jz75@pc7-005-l.cs.st-andrews.ac.uk:1732145036889:20241120-232356.888:advertisement:4105:search=true,download=true:
20241120-232356.929| tx-> :jz75@pc7-033-l.cs.st-andrews.ac.uk:1732145036928:20241120-232356.928:advertisement:4105:search=true,download=false:
20241120-232357.839| rx-> :jz75@pc7-007-l.cs.st-andrews.ac.uk:1732145037838:20241120-232357.838:advertisement:4105:search=true,download=true:
20241120-232357.889| rx-> :jz75@pc7-005-l.cs.st-andrews.ac.uk:1732145037888:20241120-232357.888:advertisement:4105:search=true,download=true:
20241120-232357.928| tx-> :jz75@pc7-033-l.cs.st-andrews.ac.uk:1732145037928:20241120-232357.928:advertisement:4105:search=true,download=false:
20241120-232358.838| rx-> :jz75@pc7-007-l.cs.st-andrews.ac.uk:1732145038837:20241120-232358.837:advertisement:4105:search=true,download=true:
20241120-232358.889| rx-> :jz75@pc7-005-l.cs.st-andrews.ac.uk:1732145038888:20241120-232358.888:advertisement:4105:search=true,download=true:
20241120-232358.928| tx-> :jz75@pc7-033-l.cs.st-andrews.ac.uk:1732145038928:20241120-232358.928:advertisement:4105:search=true,download=false:
20241120-232359.838| rx-> :jz75@pc7-007-l.cs.st-andrews.ac.uk:1732145039838:20241120-232359.838:advertisement:4105:search=true,download=true:
20241120-232359.931| tx-> :jz75@pc7-033-l.cs.st-andrews.ac.uk:1732145039930:20241120-232359.930:advertisement:4105:search=true,download=false:
20241121-134522.485| -* logFile=logs/jz75@pc7-033-l.cs.st-andrews.ac.uk.log
20241121-134522.485| -* id=jz75@pc7-033-l.cs.st-andrews.ac.uk
20241121-134522.485| -* rootDir=root_dir
20241121-134522.487| -* mAddr6=ff02::4105:4105
20241121-134522.490| -* mPort=4105
20241121-134522.490| -* mTTL=2
20241121-134522.492| -* loopback=true
20241121-134522.493| -* reuseAddr=false
20241121-134522.495| -* soTimeout=10
20241121-134522.497| -* sleepTime=1000
20241121-134522.499| -* maximumMessageSize=1400
20241121-134522.501| -* maximumAdvertisementPeriod=1000
20241121-134522.502| -* search=true
20241121-134522.504| -* download=false
20241121-134522.535| using interface enp3s0
20241121-134522.537| Multicast Endpoint Created : ff02::4105:4105:4105
20241121-134522.537| joined IPv6 multicast group /[ff02:0:0:0:0:0:4105:4105]:4105
20241121-134522.539| jz75@pc7-033-l.cs.st-andrews.ac.uk Joined Multicast Group
20241121-134522.560| tx-> :jz75@pc7-033-l.cs.st-andrews.ac.uk:1732196722547:20241121-134522.547:advertisement:4105:search=true,download=false:
20241121-134523.548| tx-> :jz75@pc7-033-l.cs.st-andrews.ac.uk:1732196723548:20241121-134523.547:advertisement:4105:search=true,download=false:
20241121-134524.547| tx-> :jz75@pc7-033-l.cs.st-andrews.ac.uk:1732196724547:20241121-134524.547:advertisement:4105:search=true,download=false:
20241121-134525.548| tx-> :jz75@pc7-033-l.cs.st-andrews.ac.uk:1732196725548:20241121-134525.547:advertisement:4105:search=true,download=false:
20241121-134526.548| tx-> :jz75@pc7-033-l.cs.st-andrews.ac.uk:1732196726547:20241121-134526.547:advertisement:4105:search=true,download=false:
20241121-134527.298| rx-> :jz75@pc7-007-l.cs.st-andrews.ac.uk:1732196727286:20241121-134527.285:advertisement:4105:search=true,download=false:
20241121-134527.549| tx-> :jz75@pc7-033-l.cs.st-andrews.ac.uk:1732196727548:20241121-134527.548:advertisement:4105:search=true,download=false:
20241121-134528.286| rx-> :jz75@pc7-007-l.cs.st-andrews.ac.uk:1732196728285:20241121-134528.285:advertisement:4105:search=true,download=false:
20241121-134528.547| tx-> :jz75@pc7-033-l.cs.st-andrews.ac.uk:1732196728547:20241121-134528.547:advertisement:4105:search=true,download=false:
20241121-134529.285| rx-> :jz75@pc7-007-l.cs.st-andrews.ac.uk:1732196729285:20241121-134529.285:advertisement:4105:search=true,download=false:
20241121-134529.548| tx-> :jz75@pc7-033-l.cs.st-andrews.ac.uk:1732196729548:20241121-134529.547:advertisement:4105:search=true,download=false:
20241121-134530.286| rx-> :jz75@pc7-007-l.cs.st-andrews.ac.uk:1732196730285:20241121-134530.285:advertisement:4105:search=true,download=false:
20241121-134530.547| tx-> :jz75@pc7-033-l.cs.st-andrews.ac.uk:1732196730547:20241121-134530.547:advertisement:4105:search=true,download=false:
20241121-134531.285| rx-> :jz75@pc7-007-l.cs.st-andrews.ac.uk:1732196731285:20241121-134531.285:advertisement:4105:search=true,download=false:
20241121-134531.547| tx-> :jz75@pc7-033-l.cs.st-andrews.ac.uk:1732196731547:20241121-134531.547:advertisement:4105:search=true,download=false:
20241121-134532.287| rx-> :jz75@pc7-007-l.cs.st-andrews.ac.uk:1732196732287:20241121-134532.287:advertisement:4105:search=true,download=false:
20241121-134532.547| tx-> :jz75@pc7-033-l.cs.st-andrews.ac.uk:1732196732547:20241121-134532.547:advertisement:4105:search=true,download=false:
20241121-134533.285| rx-> :jz75@pc7-007-l.cs.st-andrews.ac.uk:1732196733285:20241121-134533.285:advertisement:4105:search=true,download=false:
20241121-134533.548| tx-> :jz75@pc7-033-l.cs.st-andrews.ac.uk:1732196733548:20241121-134533.548:advertisement:4105:search=true,download=false:
20241121-134534.285| rx-> :jz75@pc7-007-l.cs.st-andrews.ac.uk:1732196734285:20241121-134534.285:advertisement:4105:search=true,download=false:
20241121-134534.547| tx-> :jz75@pc7-033-l.cs.st-andrews.ac.uk:1732196734547:20241121-134534.547:advertisement:4105:search=true,download=false:
20241121-134535.285| rx-> :jz75@pc7-007-l.cs.st-andrews.ac.uk:1732196735285:20241121-134535.285:advertisement:4105:search=true,download=false:
20241121-134535.547| tx-> :jz75@pc7-033-l.cs.st-andrews.ac.uk:1732196735547:20241121-134535.547:advertisement:4105:search=true,download=false:
20241121-134536.285| rx-> :jz75@pc7-007-l.cs.st-andrews.ac.uk:1732196736285:20241121-134536.285:advertisement:4105:search=true,download=false:
20241121-134536.547| tx-> :jz75@pc7-033-l.cs.st-andrews.ac.uk:1732196736547:20241121-134536.547:advertisement:4105:search=true,download=false:
20241121-134537.285| rx-> :jz75@pc7-007-l.cs.st-andrews.ac.uk:1732196737285:20241121-134537.285:advertisement:4105:search=true,download=false:
20241121-134537.547| tx-> :jz75@pc7-033-l.cs.st-andrews.ac.uk:1732196737547:20241121-134537.547:advertisement:4105:search=true,download=false:
20241121-134538.287| rx-> :jz75@pc7-007-l.cs.st-andrews.ac.uk:1732196738287:20241121-134538.287:advertisement:4105:search=true,download=false:
20241121-134538.547| tx-> :jz75@pc7-033-l.cs.st-andrews.ac.uk:1732196738547:20241121-134538.547:advertisement:4105:search=true,download=false:
20241121-134539.285| rx-> :jz75@pc7-007-l.cs.st-andrews.ac.uk:1732196739285:20241121-134539.285:advertisement:4105:search=true,download=false:
20241121-134539.548| tx-> :jz75@pc7-033-l.cs.st-andrews.ac.uk:1732196739548:20241121-134539.548:advertisement:4105:search=true,download=false:
20241121-134540.286| rx-> :jz75@pc7-007-l.cs.st-andrews.ac.uk:1732196740285:20241121-134540.285:advertisement:4105:search=true,download=false:
20241121-134540.548| tx-> :jz75@pc7-033-l.cs.st-andrews.ac.uk:1732196740547:20241121-134540.547:advertisement:4105:search=true,download=false:
20241121-134541.286| rx-> :jz75@pc7-007-l.cs.st-andrews.ac.uk:1732196741285:20241121-134541.285:advertisement:4105:search=true,download=false:
20241121-134541.547| tx-> :jz75@pc7-033-l.cs.st-andrews.ac.uk:1732196741547:20241121-134541.547:advertisement:4105:search=true,download=false:
20241121-134542.286| rx-> :jz75@pc7-007-l.cs.st-andrews.ac.uk:1732196742285:20241121-134542.285:advertisement:4105:search=true,download=false:
20241121-134542.547| tx-> :jz75@pc7-033-l.cs.st-andrews.ac.uk:1732196742547:20241121-134542.547:advertisement:4105:search=true,download=false:
20241121-134543.285| rx-> :jz75@pc7-007-l.cs.st-andrews.ac.uk:1732196743285:20241121-134543.285:advertisement:4105:search=true,download=false:
20241121-134543.547| tx-> :jz75@pc7-033-l.cs.st-andrews.ac.uk:1732196743547:20241121-134543.547:advertisement:4105:search=true,download=false:
20241121-134544.287| rx-> :jz75@pc7-007-l.cs.st-andrews.ac.uk:1732196744286:20241121-134544.286:advertisement:4105:search=true,download=false:
20241121-134544.548| tx-> :jz75@pc7-033-l.cs.st-andrews.ac.uk:1732196744547:20241121-134544.547:advertisement:4105:search=true,download=false:
20241121-134545.286| rx-> :jz75@pc7-007-l.cs.st-andrews.ac.uk:1732196745285:20241121-134545.285:advertisement:4105:search=true,download=false:
20241121-134545.550| tx-> :jz75@pc7-033-l.cs.st-andrews.ac.uk:1732196745550:20241121-134545.550:advertisement:4105:search=true,download=false:
20241121-134546.286| rx-> :jz75@pc7-007-l.cs.st-andrews.ac.uk:1732196746285:20241121-134546.285:advertisement:4105:search=true,download=false:
20241121-134546.547| tx-> :jz75@pc7-033-l.cs.st-andrews.ac.uk:1732196746547:20241121-134546.547:advertisement:4105:search=true,download=false:
20241121-134547.286| rx-> :jz75@pc7-007-l.cs.st-andrews.ac.uk:1732196747285:20241121-134547.285:advertisement:4105:search=true,download=false:
20241121-134547.548| tx-> :jz75@pc7-033-l.cs.st-andrews.ac.uk:1732196747547:20241121-134547.547:advertisement:4105:search=true,download=false:
20241121-134548.286| rx-> :jz75@pc7-007-l.cs.st-andrews.ac.uk:1732196748285:20241121-134548.285:advertisement:4105:search=true,download=false:
20241121-134548.548| tx-> :jz75@pc7-033-l.cs.st-andrews.ac.uk:1732196748548:20241121-134548.548:advertisement:4105:search=true,download=false:
20241121-134549.285| rx-> :jz75@pc7-007-l.cs.st-andrews.ac.uk:1732196749285:20241121-134549.285:advertisement:4105:search=true,download=false:
20241121-134549.548| tx-> :jz75@pc7-033-l.cs.st-andrews.ac.uk:1732196749547:20241121-134549.547:advertisement:4105:search=true,download=false:
20241121-134550.287| rx-> :jz75@pc7-007-l.cs.st-andrews.ac.uk:1732196750286:20241121-134550.286:advertisement:4105:search=true,download=false:
20241121-134550.548| tx-> :jz75@pc7-033-l.cs.st-andrews.ac.uk:1732196750547:20241121-134550.547:advertisement:4105:search=true,download=false:
20241121-134551.286| rx-> :jz75@pc7-007-l.cs.st-andrews.ac.uk:1732196751285:20241121-134551.285:advertisement:4105:search=true,download=false:
20241121-134551.550| tx-> :jz75@pc7-033-l.cs.st-andrews.ac.uk:1732196751549:20241121-134551.549:advertisement:4105:search=true,download=false:
20241121-134552.286| rx-> :jz75@pc7-007-l.cs.st-andrews.ac.uk:1732196752285:20241121-134552.285:advertisement:4105:search=true,download=false:
20241121-134552.547| tx-> :jz75@pc7-033-l.cs.st-andrews.ac.uk:1732196752547:20241121-134552.547:advertisement:4105:search=true,download=false:
20241121-134553.286| rx-> :jz75@pc7-007-l.cs.st-andrews.ac.uk:1732196753285:20241121-134553.285:advertisement:4105:search=true,download=false:
20241121-134553.548| tx-> :jz75@pc7-033-l.cs.st-andrews.ac.uk:1732196753547:20241121-134553.547:advertisement:4105:search=true,download=false:
20241121-134554.286| rx-> :jz75@pc7-007-l.cs.st-andrews.ac.uk:1732196754285:20241121-134554.285:advertisement:4105:search=true,download=false:
20241121-134554.548| tx-> :jz75@pc7-033-l.cs.st-andrews.ac.uk:1732196754547:20241121-134554.547:advertisement:4105:search=true,download=false:
20241121-134555.286| rx-> :jz75@pc7-007-l.cs.st-andrews.ac.uk:1732196755285:20241121-134555.285:advertisement:4105:search=true,download=false:
20241121-134555.548| tx-> :jz75@pc7-033-l.cs.st-andrews.ac.uk:1732196755547:20241121-134555.547:advertisement:4105:search=true,download=false:
20241121-134605.786| -* logFile=logs/jz75@pc7-033-l.cs.st-andrews.ac.uk.log
20241121-134605.787| -* id=jz75@pc7-033-l.cs.st-andrews.ac.uk
20241121-134605.788| -* rootDir=root_dir
20241121-134605.790| -* mAddr6=ff02::4105:4105
20241121-134605.796| -* mPort=4105
20241121-134605.796| -* mTTL=2
20241121-134605.798| -* loopback=true
20241121-134605.799| -* reuseAddr=false
20241121-134605.800| -* soTimeout=10
20241121-134605.802| -* sleepTime=1000
20241121-134605.802| -* maximumMessageSize=1400
20241121-134605.804| -* maximumAdvertisementPeriod=1000
20241121-134605.806| -* search=true
20241121-134605.808| -* download=true
20241121-134605.839| using interface enp3s0
20241121-134605.842| Multicast Endpoint Created : ff02::4105:4105:4105
20241121-134605.843| joined IPv6 multicast group /[ff02:0:0:0:0:0:4105:4105]:4105
20241121-134605.844| jz75@pc7-033-l.cs.st-andrews.ac.uk Joined Multicast Group
20241121-134605.893| tx-> :jz75@pc7-033-l.cs.st-andrews.ac.uk:1732196765864:20241121-134605.864:advertisement:4105:search=true,download=true:
20241121-134606.863| tx-> :jz75@pc7-033-l.cs.st-andrews.ac.uk:1732196766863:20241121-134606.863:advertisement:4105:search=true,download=true:
20241121-134607.389| rx-> :jz75@pc7-007-l.cs.st-andrews.ac.uk:1732196767378:20241121-134607.378:advertisement:4105:search=true,download=true:
20241121-134607.863| tx-> :jz75@pc7-033-l.cs.st-andrews.ac.uk:1732196767863:20241121-134607.863:advertisement:4105:search=true,download=true:
20241121-134608.378| rx-> :jz75@pc7-007-l.cs.st-andrews.ac.uk:1732196768378:20241121-134608.377:advertisement:4105:search=true,download=true:
20241121-134608.863| tx-> :jz75@pc7-033-l.cs.st-andrews.ac.uk:1732196768863:20241121-134608.863:advertisement:4105:search=true,download=true:
20241121-134609.379| rx-> :jz75@pc7-007-l.cs.st-andrews.ac.uk:1732196769378:20241121-134609.377:advertisement:4105:search=true,download=true:
20241121-134609.863| tx-> :jz75@pc7-033-l.cs.st-andrews.ac.uk:1732196769863:20241121-134609.863:advertisement:4105:search=true,download=true:
20241121-134610.378| rx-> :jz75@pc7-007-l.cs.st-andrews.ac.uk:1732196770378:20241121-134610.377:advertisement:4105:search=true,download=true:
20241121-134610.866| tx-> :jz75@pc7-033-l.cs.st-andrews.ac.uk:1732196770866:20241121-134610.866:advertisement:4105:search=true,download=true:
20241121-134611.378| rx-> :jz75@pc7-007-l.cs.st-andrews.ac.uk:1732196771378:20241121-134611.377:advertisement:4105:search=true,download=true:
20241121-134611.863| tx-> :jz75@pc7-033-l.cs.st-andrews.ac.uk:1732196771863:20241121-134611.863:advertisement:4105:search=true,download=true:
20241121-134612.380| rx-> :jz75@pc7-007-l.cs.st-andrews.ac.uk:1732196772379:20241121-134612.379:advertisement:4105:search=true,download=true:
20241121-134612.863| tx-> :jz75@pc7-033-l.cs.st-andrews.ac.uk:1732196772863:20241121-134612.863:advertisement:4105:search=true,download=true:
20241121-134613.378| rx-> :jz75@pc7-007-l.cs.st-andrews.ac.uk:1732196773378:20241121-134613.378:advertisement:4105:search=true,download=true:
20241121-134613.863| tx-> :jz75@pc7-033-l.cs.st-andrews.ac.uk:1732196773863:20241121-134613.863:advertisement:4105:search=true,download=true:
20241121-134614.378| rx-> :jz75@pc7-007-l.cs.st-andrews.ac.uk:1732196774378:20241121-134614.377:advertisement:4105:search=true,download=true:
20241121-134614.863| tx-> :jz75@pc7-033-l.cs.st-andrews.ac.uk:1732196774863:20241121-134614.863:advertisement:4105:search=true,download=true:
20241121-134615.378| rx-> :jz75@pc7-007-l.cs.st-andrews.ac.uk:1732196775378:20241121-134615.378:advertisement:4105:search=true,download=true:
20241121-134615.863| tx-> :jz75@pc7-033-l.cs.st-andrews.ac.uk:1732196775863:20241121-134615.863:advertisement:4105:search=true,download=true:
20241121-134616.378| rx-> :jz75@pc7-007-l.cs.st-andrews.ac.uk:1732196776378:20241121-134616.377:advertisement:4105:search=true,download=true:
20241121-134616.865| tx-> :jz75@pc7-033-l.cs.st-andrews.ac.uk:1732196776865:20241121-134616.865:advertisement:4105:search=true,download=true:
20241121-134617.378| rx-> :jz75@pc7-007-l.cs.st-andrews.ac.uk:1732196777378:20241121-134617.377:advertisement:4105:search=true,download=true:
20241121-134617.863| tx-> :jz75@pc7-033-l.cs.st-andrews.ac.uk:1732196777863:20241121-134617.863:advertisement:4105:search=true,download=true:
20241121-134618.380| rx-> :jz75@pc7-007-l.cs.st-andrews.ac.uk:1732196778379:20241121-134618.379:advertisement:4105:search=true,download=true:
20241121-134618.863| tx-> :jz75@pc7-033-l.cs.st-andrews.ac.uk:1732196778863:20241121-134618.863:advertisement:4105:search=true,download=true:
20241121-134619.378| rx-> :jz75@pc7-007-l.cs.st-andrews.ac.uk:1732196779378:20241121-134619.378:advertisement:4105:search=true,download=true:
20241121-134619.863| tx-> :jz75@pc7-033-l.cs.st-andrews.ac.uk:1732196779863:20241121-134619.863:advertisement:4105:search=true,download=true:
20241121-134620.378| rx-> :jz75@pc7-007-l.cs.st-andrews.ac.uk:1732196780377:20241121-134620.377:advertisement:4105:search=true,download=true:
20241121-134620.863| tx-> :jz75@pc7-033-l.cs.st-andrews.ac.uk:1732196780863:20241121-134620.863:advertisement:4105:search=true,download=true:
20241121-134621.378| rx-> :jz75@pc7-007-l.cs.st-andrews.ac.uk:1732196781378:20241121-134621.378:advertisement:4105:search=true,download=true:
20241121-134621.863| tx-> :jz75@pc7-033-l.cs.st-andrews.ac.uk:1732196781863:20241121-134621.863:advertisement:4105:search=true,download=true:
20241121-134622.378| rx-> :jz75@pc7-007-l.cs.st-andrews.ac.uk:1732196782378:20241121-134622.377:advertisement:4105:search=true,download=true:
20241121-134622.866| tx-> :jz75@pc7-033-l.cs.st-andrews.ac.uk:1732196782865:20241121-134622.865:advertisement:4105:search=true,download=true:
20241121-134623.378| rx-> :jz75@pc7-007-l.cs.st-andrews.ac.uk:1732196783378:20241121-134623.377:advertisement:4105:search=true,download=true:
20241121-134623.863| tx-> :jz75@pc7-033-l.cs.st-andrews.ac.uk:1732196783863:20241121-134623.863:advertisement:4105:search=true,download=true:
20241121-134624.083| tx-> :jz75@pc7-033-l.cs.st-andrews.ac.uk:1732196784081:20241121-134624.081:download-request:jz75@pc7-007-l.cs.st-andrews.ac.uk:text1:
20241121-134624.101| rx-> :jz75@pc7-007-l.cs.st-andrews.ac.uk:1732196784081:20241121-134624.093:download-error:jz75@pc7-033-l.cs.st-andrews.ac.uk:1732196784081:3:
20241121-134624.378| rx-> :jz75@pc7-007-l.cs.st-andrews.ac.uk:1732196784378:20241121-134624.377:advertisement:4105:search=true,download=true:
20241121-134624.863| tx-> :jz75@pc7-033-l.cs.st-andrews.ac.uk:1732196784863:20241121-134624.863:advertisement:4105:search=true,download=true:
20241121-134625.378| rx-> :jz75@pc7-007-l.cs.st-andrews.ac.uk:1732196785377:20241121-134625.377:advertisement:4105:search=true,download=true:
20241121-134625.863| tx-> :jz75@pc7-033-l.cs.st-andrews.ac.uk:1732196785863:20241121-134625.863:advertisement:4105:search=true,download=true:
20241121-134626.378| rx-> :jz75@pc7-007-l.cs.st-andrews.ac.uk:1732196786377:20241121-134626.377:advertisement:4105:search=true,download=true:
20241121-134626.863| tx-> :jz75@pc7-033-l.cs.st-andrews.ac.uk:1732196786863:20241121-134626.863:advertisement:4105:search=true,download=true:
20241121-134627.378| rx-> :jz75@pc7-007-l.cs.st-andrews.ac.uk:1732196787378:20241121-134627.377:advertisement:4105:search=true,download=true:
20241121-134627.863| tx-> :jz75@pc7-033-l.cs.st-andrews.ac.uk:1732196787863:20241121-134627.863:advertisement:4105:search=true,download=true:
20241121-134628.378| rx-> :jz75@pc7-007-l.cs.st-andrews.ac.uk:1732196788378:20241121-134628.377:advertisement:4105:search=true,download=true:
20241121-134628.864| tx-> :jz75@pc7-033-l.cs.st-andrews.ac.uk:1732196788864:20241121-134628.864:advertisement:4105:search=true,download=true:
20241121-134629.380| rx-> :jz75@pc7-007-l.cs.st-andrews.ac.uk:1732196789379:20241121-134629.379:advertisement:4105:search=true,download=true:
20241121-134629.863| tx-> :jz75@pc7-033-l.cs.st-andrews.ac.uk:1732196789863:20241121-134629.863:advertisement:4105:search=true,download=true:
20241121-134630.378| rx-> :jz75@pc7-007-l.cs.st-andrews.ac.uk:1732196790377:20241121-134630.377:advertisement:4105:search=true,download=true:
20241121-134630.863| tx-> :jz75@pc7-033-l.cs.st-andrews.ac.uk:1732196790863:20241121-134630.863:advertisement:4105:search=true,download=true:
20241121-134631.378| rx-> :jz75@pc7-007-l.cs.st-andrews.ac.uk:1732196791378:20241121-134631.377:advertisement:4105:search=true,download=true:
20241121-134631.863| tx-> :jz75@pc7-033-l.cs.st-andrews.ac.uk:1732196791863:20241121-134631.863:advertisement:4105:search=true,download=true:
20241121-134632.378| rx-> :jz75@pc7-007-l.cs.st-andrews.ac.uk:1732196792378:20241121-134632.378:advertisement:4105:search=true,download=true:
20241121-134632.863| tx-> :jz75@pc7-033-l.cs.st-andrews.ac.uk:1732196792863:20241121-134632.863:advertisement:4105:search=true,download=true:
20241121-134633.378| rx-> :jz75@pc7-007-l.cs.st-andrews.ac.uk:1732196793378:20241121-134633.377:advertisement:4105:search=true,download=true:
20241121-134633.863| tx-> :jz75@pc7-033-l.cs.st-andrews.ac.uk:1732196793863:20241121-134633.863:advertisement:4105:search=true,download=true:
20241121-134634.378| rx-> :jz75@pc7-007-l.cs.st-andrews.ac.uk:1732196794377:20241121-134634.377:advertisement:4105:search=true,download=true:
20241121-134634.865| tx-> :jz75@pc7-033-l.cs.st-andrews.ac.uk:1732196794865:20241121-134634.865:advertisement:4105:search=true,download=true:
20241121-134635.379| rx-> :jz75@pc7-007-l.cs.st-andrews.ac.uk:1732196795379:20241121-134635.379:advertisement:4105:search=true,download=true:
20241121-134635.863| tx-> :jz75@pc7-033-l.cs.st-andrews.ac.uk:1732196795863:20241121-134635.863:advertisement:4105:search=true,download=true:
20241121-134636.378| rx-> :jz75@pc7-007-l.cs.st-andrews.ac.uk:1732196796378:20241121-134636.377:advertisement:4105:search=true,download=true:
20241121-134636.863| tx-> :jz75@pc7-033-l.cs.st-andrews.ac.uk:1732196796862:20241121-134636.862:advertisement:4105:search=true,download=true:
20241121-134637.378| rx-> :jz75@pc7-007-l.cs.st-andrews.ac.uk:1732196797377:20241121-134637.377:advertisement:4105:search=true,download=true:
20241121-134637.863| tx-> :jz75@pc7-033-l.cs.st-andrews.ac.uk:1732196797863:20241121-134637.863:advertisement:4105:search=true,download=true:
20241121-134638.378| rx-> :jz75@pc7-007-l.cs.st-andrews.ac.uk:1732196798378:20241121-134638.377:advertisement:4105:search=true,download=true:
20241121-134638.810| tx-> :jz75@pc7-033-l.cs.st-andrews.ac.uk:1732196798810:20241121-134638.810:download-request:jz75@pc7-007-l.cs.st-andrews.ac.uk:sdfasdf:
20241121-134638.815| rx-> :jz75@pc7-007-l.cs.st-andrews.ac.uk:1732196798810:20241121-134638.815:download-error:jz75@pc7-033-l.cs.st-andrews.ac.uk:1732196798810:0:
20241121-134638.863| tx-> :jz75@pc7-033-l.cs.st-andrews.ac.uk:1732196798863:20241121-134638.862:advertisement:4105:search=true,download=true:
20241121-134639.378| rx-> :jz75@pc7-007-l.cs.st-andrews.ac.uk:1732196799377:20241121-134639.377:advertisement:4105:search=true,download=true:
20241121-134639.863| tx-> :jz75@pc7-033-l.cs.st-andrews.ac.uk:1732196799863:20241121-134639.863:advertisement:4105:search=true,download=true:
20241121-134640.378| rx-> :jz75@pc7-007-l.cs.st-andrews.ac.uk:1732196800378:20241121-134640.377:advertisement:4105:search=true,download=true:
20241121-134640.867| tx-> :jz75@pc7-033-l.cs.st-andrews.ac.uk:1732196800866:20241121-134640.866:advertisement:4105:search=true,download=true:
20241121-134641.380| rx-> :jz75@pc7-007-l.cs.st-andrews.ac.uk:1732196801379:20241121-134641.379:advertisement:4105:search=true,download=true:
20241121-134641.863| tx-> :jz75@pc7-033-l.cs.st-andrews.ac.uk:1732196801863:20241121-134641.863:advertisement:4105:search=true,download=true:
20241121-134642.378| rx-> :jz75@pc7-007-l.cs.st-andrews.ac.uk:1732196802377:20241121-134642.377:advertisement:4105:search=true,download=true:
20241121-134642.863| tx-> :jz75@pc7-033-l.cs.st-andrews.ac.uk:1732196802863:20241121-134642.863:advertisement:4105:search=true,download=true:
20241121-134643.378| rx-> :jz75@pc7-007-l.cs.st-andrews.ac.uk:1732196803377:20241121-134643.377:advertisement:4105:search=true,download=true:
20241121-134643.863| tx-> :jz75@pc7-033-l.cs.st-andrews.ac.uk:1732196803863:20241121-134643.863:advertisement:4105:search=true,download=true:
20241121-134644.378| rx-> :jz75@pc7-007-l.cs.st-andrews.ac.uk:1732196804377:20241121-134644.377:advertisement:4105:search=true,download=true:
20241121-134644.863| tx-> :jz75@pc7-033-l.cs.st-andrews.ac.uk:1732196804863:20241121-134644.863:advertisement:4105:search=true,download=true:
20241121-134645.378| rx-> :jz75@pc7-007-l.cs.st-andrews.ac.uk:1732196805378:20241121-134645.377:advertisement:4105:search=true,download=true:
20241121-134645.863| tx-> :jz75@pc7-033-l.cs.st-andrews.ac.uk:1732196805863:20241121-134645.863:advertisement:4105:search=true,download=true:
20241121-134646.378| rx-> :jz75@pc7-007-l.cs.st-andrews.ac.uk:1732196806377:20241121-134646.377:advertisement:4105:search=true,download=true:
20241121-134646.865| tx-> :jz75@pc7-033-l.cs.st-andrews.ac.uk:1732196806865:20241121-134646.865:advertisement:4105:search=true,download=true:
20241121-134647.379| rx-> :jz75@pc7-007-l.cs.st-andrews.ac.uk:1732196807379:20241121-134647.379:advertisement:4105:search=true,download=true:
20241121-134647.863| tx-> :jz75@pc7-033-l.cs.st-andrews.ac.uk:1732196807863:20241121-134647.863:advertisement:4105:search=true,download=true:
20241121-134648.378| rx-> :jz75@pc7-007-l.cs.st-andrews.ac.uk:1732196808378:20241121-134648.377:advertisement:4105:search=true,download=true:
20241121-134648.863| tx-> :jz75@pc7-033-l.cs.st-andrews.ac.uk:1732196808863:20241121-134648.862:advertisement:4105:search=true,download=true:
20241121-134649.378| rx-> :jz75@pc7-007-l.cs.st-andrews.ac.uk:1732196809377:20241121-134649.377:advertisement:4105:search=true,download=true:
20241121-134649.863| tx-> :jz75@pc7-033-l.cs.st-andrews.ac.uk:1732196809863:20241121-134649.863:advertisement:4105:search=true,download=true:
20241121-134650.378| rx-> :jz75@pc7-007-l.cs.st-andrews.ac.uk:1732196810377:20241121-134650.377:advertisement:4105:search=true,download=true:
20241121-134650.863| tx-> :jz75@pc7-033-l.cs.st-andrews.ac.uk:1732196810863:20241121-134650.863:advertisement:4105:search=true,download=true:
20241121-134651.378| rx-> :jz75@pc7-007-l.cs.st-andrews.ac.uk:1732196811377:20241121-134651.377:advertisement:4105:search=true,download=true:
20241121-134651.863| tx-> :jz75@pc7-033-l.cs.st-andrews.ac.uk:1732196811863:20241121-134651.863:advertisement:4105:search=true,download=true:
20241121-134652.378| rx-> :jz75@pc7-007-l.cs.st-andrews.ac.uk:1732196812377:20241121-134652.377:advertisement:4105:search=true,download=true:
20241121-134652.865| tx-> :jz75@pc7-033-l.cs.st-andrews.ac.uk:1732196812865:20241121-134652.865:advertisement:4105:search=true,download=true:
20241121-134652.963| tx-> :jz75@pc7-033-l.cs.st-andrews.ac.uk:1732196812963:20241121-134652.962:download-request:jz75@pc7-007-l.cs.st-andrews.ac.uk:text1-1.txt:
20241121-134652.980| rx-> :jz75@pc7-007-l.cs.st-andrews.ac.uk:1732196812973:20241121-134652.973:download-result:jz75@pc7-033-l.cs.st-andrews.ac.uk:1732196812963:text1-1.txt:34463:
20241121-134653.378| rx-> :jz75@pc7-007-l.cs.st-andrews.ac.uk:1732196813377:20241121-134653.377:advertisement:4105:search=true,download=true:
20241121-134653.863| tx-> :jz75@pc7-033-l.cs.st-andrews.ac.uk:1732196813863:20241121-134653.863:advertisement:4105:search=true,download=true:
20241121-134654.378| rx-> :jz75@pc7-007-l.cs.st-andrews.ac.uk:1732196814377:20241121-134654.377:advertisement:4105:search=true,download=true:
20241121-134654.863| tx-> :jz75@pc7-033-l.cs.st-andrews.ac.uk:1732196814863:20241121-134654.863:advertisement:4105:search=true,download=true:
20241121-134655.378| rx-> :jz75@pc7-007-l.cs.st-andrews.ac.uk:1732196815377:20241121-134655.377:advertisement:4105:search=true,download=true:
20241121-134655.863| tx-> :jz75@pc7-033-l.cs.st-andrews.ac.uk:1732196815863:20241121-134655.863:advertisement:4105:search=true,download=true:
20241121-134656.378| rx-> :jz75@pc7-007-l.cs.st-andrews.ac.uk:1732196816377:20241121-134656.377:advertisement:4105:search=true,download=true:
20241121-134656.863| tx-> :jz75@pc7-033-l.cs.st-andrews.ac.uk:1732196816863:20241121-134656.863:advertisement:4105:search=true,download=true:
20241121-134657.378| rx-> :jz75@pc7-007-l.cs.st-andrews.ac.uk:1732196817377:20241121-134657.377:advertisement:4105:search=true,download=true:
20241121-134657.863| tx-> :jz75@pc7-033-l.cs.st-andrews.ac.uk:1732196817863:20241121-134657.863:advertisement:4105:search=true,download=true:
20241121-134658.379| rx-> :jz75@pc7-007-l.cs.st-andrews.ac.uk:1732196818379:20241121-134658.379:advertisement:4105:search=true,download=true:
