20240924-174715.490| -* Detected: MCC02D20KVML87 en0 10.0.0.95 fe80:0:0:0:c8:c63a:4c0:9aa%en0
20240924-174715.494| -* logFile=beacon.log
20240924-174715.494| -* mAddr4=
20240924-174715.494| -* mAddr6=ff02::4105:4105
20240924-174715.496| -* mPort=4105
20240924-174715.496| -* mTTL=2
20240924-174715.497| -* loopback=false
20240924-174715.497| -* reuseAddr=true
20240924-174715.497| -* soTimeout=100
20240924-174715.497| -* msgSize=256
20240924-174715.497| -* sleepTime=1000
20240924-174715.498| -* beacon=100
20240924-174715.531| using interface en0
20240924-174715.534| tx4-> |20240924-174715.531|saleem|MCC02D20KVML87|10.0.0.95|
20240924-174715.535| tx6-> |20240924-174715.531|saleem|MCC02D20KVML87|fe80:0:0:0:c8:c63a:4c0:9aa%en0|
20240924-174715.536| ->rx4 |20240924-174715.531|saleem|MCC02D20KVML87|10.0.0.95|
20240924-174720.951| tx4-> |20240924-174720.951|saleem|MCC02D20KVML87|10.0.0.95|
20240924-174720.952| ->rx4 |20240924-174720.951|saleem|MCC02D20KVML87|10.0.0.95|
20240924-174726.376| tx4-> |20240924-174726.375|saleem|MCC02D20KVML87|10.0.0.95|
20240924-174726.376| ->rx4 |20240924-174726.375|saleem|MCC02D20KVML87|10.0.0.95|
20240924-174731.789| tx4-> |20240924-174731.789|saleem|MCC02D20KVML87|10.0.0.95|
20240924-174731.790| ->rx4 |20240924-174731.789|saleem|MCC02D20KVML87|10.0.0.95|
20240924-174737.196| tx4-> |20240924-174737.196|saleem|MCC02D20KVML87|10.0.0.95|
20240924-174737.197| ->rx4 |20240924-174737.196|saleem|MCC02D20KVML87|10.0.0.95|
20240924-174742.619| tx4-> |20240924-174742.618|saleem|MCC02D20KVML87|10.0.0.95|
20240924-174742.619| ->rx4 |20240924-174742.618|saleem|MCC02D20KVML87|10.0.0.95|
20240924-174748.034| tx4-> |20240924-174748.034|saleem|MCC02D20KVML87|10.0.0.95|
20240924-174748.035| ->rx4 |20240924-174748.034|saleem|MCC02D20KVML87|10.0.0.95|
20240924-174753.456| tx4-> |20240924-174753.455|saleem|MCC02D20KVML87|10.0.0.95|
20240924-174753.456| ->rx4 |20240924-174753.455|saleem|MCC02D20KVML87|10.0.0.95|
20240924-174758.869| tx4-> |20240924-174758.868|saleem|MCC02D20KVML87|10.0.0.95|
20240924-174758.869| ->rx4 |20240924-174758.868|saleem|MCC02D20KVML87|10.0.0.95|
20240924-180314.865| -* Detected: MCC02D20KVML87 en0 10.0.0.95 fe80:0:0:0:c8:c63a:4c0:9aa%en0
20240924-180314.868| -* logFile=beacon.log
20240924-180314.868| -* mAddr4=null
20240924-180314.869| -* mAddr6=ff02::4105:4105
20240924-180314.870| -* mPort=4105
20240924-180314.871| -* mTTL=2
20240924-180314.871| -* loopback=false
20240924-180314.871| -* reuseAddr=true
20240924-180314.871| -* soTimeout=100
20240924-180314.871| -* msgSize=256
20240924-180314.872| -* sleepTime=1000
20240924-180314.872| -* beacon=100
20240924-180314.884| using interface en0
20240924-180314.885| joined IPv6 multicast group /[ff02:0:0:0:0:0:4105:4105]:4105
20240924-181200.404| -* Detected: MCC02D20KVML87 en0 10.0.0.95 fe80:0:0:0:c8:c63a:4c0:9aa%en0
20240924-181200.408| -* logFile=beacon.log
20240924-181200.408| -* mAddr4=null
20240924-181200.408| -* mAddr6=ff02::4105:4105
20240924-181200.410| -* mPort=4105
20240924-181200.410| -* mTTL=2
20240924-181200.410| -* loopback=false
20240924-181200.411| -* reuseAddr=true
20240924-181200.411| -* soTimeout=100
20240924-181200.411| -* msgSize=256
20240924-181200.411| -* sleepTime=1000
20240924-181200.411| -* beacon=100
20240924-181200.424| using interface en0
20240924-181200.425| joined IPv6 multicast group /[ff02:0:0:0:0:0:4105:4105]:4105
20240924-181323.989| -* Detected: MCC02D20KVML87 en0 10.0.0.95 fe80:0:0:0:c8:c63a:4c0:9aa%en0
20240924-181323.992| -* logFile=beacon.log
20240924-181323.992| -* mAddr4=null
20240924-181323.993| -* mAddr6=ff02::4105:4105
20240924-181323.995| -* mPort=4105
20240924-181323.995| -* mTTL=2
20240924-181323.995| -* loopback=false
20240924-181323.995| -* reuseAddr=true
20240924-181323.995| -* soTimeout=100
20240924-181323.996| -* msgSize=256
20240924-181323.996| -* sleepTime=1000
20240924-181323.996| -* beacon=100
20240924-181324.009| using interface en0
20240924-181324.010| joined IPv6 multicast group /[ff02:0:0:0:0:0:4105:4105]:4105
20240924-181847.438| -* Detected: MCC02D20KVML87 en0 10.0.0.95 fe80:0:0:0:c8:c63a:4c0:9aa%en0
20240924-181847.442| -* logFile=beacon.log
20240924-181847.442| -* mAddr4=null
20240924-181847.442| -* mAddr6=ff02::4105:4105
20240924-181847.444| -* mPort=4105
20240924-181847.444| -* mTTL=2
20240924-181847.444| -* loopback=false
20240924-181847.445| -* reuseAddr=true
20240924-181847.445| -* soTimeout=100
20240924-181847.445| -* msgSize=256
20240924-181847.445| -* sleepTime=1000
20240924-181847.445| -* beacon=100
20240924-181847.457| using interface en0
20240924-181847.458| joined IPv6 multicast group /[ff02:0:0:0:0:0:4105:4105]:4105
20240924-181847.461| tx6-> |20240924-181847.458|saleem|MCC02D20KVML87|fe80:0:0:0:c8:c63a:4c0:9aa%en0|
20240924-182037.755| -* Detected: MCC02D20KVML87 en0 10.0.0.95 fe80:0:0:0:c8:c63a:4c0:9aa%en0
20240924-182037.759| -* logFile=beacon.log
20240924-182037.759| -* mAddr4=null
20240924-182037.759| -* mAddr6=ff02::4105:4105
20240924-182037.761| -* mPort=4105
20240924-182037.762| -* mTTL=2
20240924-182037.762| -* loopback=false
20240924-182037.762| -* reuseAddr=true
20240924-182037.762| -* soTimeout=100
20240924-182037.762| -* msgSize=256
20240924-182037.762| -* sleepTime=1000
20240924-182037.763| -* beacon=100
20240924-182037.776| using interface en0
20240924-182037.776| joined IPv6 multicast group /[ff02:0:0:0:0:0:4105:4105]:4105
20240924-182037.779| tx6-> |20240924-182037.777|saleem|MCC02D20KVML87|fe80:0:0:0:c8:c63a:4c0:9aa%en0|
20240924-182951.258| -* Detected: MCC02D20KVML87 en0 10.0.0.95 fe80:0:0:0:c8:c63a:4c0:9aa%en0
20240924-182951.262| -* logFile=beacon.log
20240924-182951.262| -* mAddr4=null
20240924-182951.262| -* mAddr6=ff02::4105:4105
20240924-182951.264| -* mPort=4105
20240924-182951.264| -* mTTL=2
20240924-182951.264| -* loopback=false
20240924-182951.265| -* reuseAddr=true
20240924-182951.265| -* soTimeout=100
20240924-182951.265| -* msgSize=256
20240924-182951.265| -* sleepTime=1000
20240924-182951.265| -* beacon=100
20240924-182951.277| using interface en0
20240924-182951.278| joined IPv6 multicast group /[ff02:0:0:0:0:0:4105:4105]:4105
20240924-182951.281| tx6-> |20240924-182951.278|saleem|MCC02D20KVML87|fe80:0:0:0:c8:c63a:4c0:9aa%en0|
20240924-183038.605| -* Detected: MCC02D20KVML87 en0 10.0.0.95 fe80:0:0:0:c8:c63a:4c0:9aa%en0
20240924-183038.608| -* logFile=beacon.log
20240924-183038.608| -* mAddr4=null
20240924-183038.609| -* mAddr6=ff02::4105:4105
20240924-183038.611| -* mPort=4105
20240924-183038.611| -* mTTL=2
20240924-183038.612| -* loopback=false
20240924-183038.612| -* reuseAddr=true
20240924-183038.612| -* soTimeout=100
20240924-183038.612| -* msgSize=256
20240924-183038.612| -* sleepTime=1000
20240924-183038.612| -* beacon=100
20240924-183038.625| using interface en0
20240924-183038.625| joined IPv6 multicast group /[ff02:0:0:0:0:0:4105:4105]:4105
20240924-183038.628| tx6-> |20240924-183038.626|saleem|MCC02D20KVML87|fe80:0:0:0:c8:c63a:4c0:9aa%en0|
20240924-183703.008| -* Detected: MCC02D20KVML87 en0 10.0.0.95 fe80:0:0:0:c8:c63a:4c0:9aa%en0
20240924-183703.011| -* logFile=beacon.log
20240924-183703.011| -* mAddr4=null
20240924-183703.011| -* mAddr6=ff02::4105:4105
20240924-183703.013| -* mPort=4105
20240924-183703.013| -* mTTL=2
20240924-183703.014| -* loopback=false
20240924-183703.014| -* reuseAddr=true
20240924-183703.014| -* soTimeout=100
20240924-183703.014| -* msgSize=256
20240924-183703.014| -* sleepTime=1000
20240924-183703.015| -* beacon=100
20240924-183703.027| using interface en0
20240924-183703.028| joined IPv6 multicast group /[ff02:0:0:0:0:0:4105:4105]:4105
20240924-183703.031| tx6-> |20240924-183703.028|saleem|MCC02D20KVML87|fe80:0:0:0:c8:c63a:4c0:9aa%en0|
